00:00  INFO: ==============================
00:00  INFO: Creating templates from schema...
00:00  INFO: ==============================
00:00  INFO: Reading relations info...
00:00  INFO: Read 370 relations/views/functions.
00:00  INFO: ==============================

00:00  INFO: ==============================
00:00  INFO: Reading edges info...
00:00 ERROR: Could not find attribute <filegroupname> in relation <filegroupmap>
00:00 ERROR: Could not find attribute <name> in relation <indexmap>
00:00 ERROR: Could not find attribute <objid> in relation <match>
00:00 ERROR: Could not find attribute <objid> in relation <match>
00:00 ERROR: Could not find attribute <regionid> in relation <region2box>
00:00  INFO: Read 4558 FK-PK relationships.
00:00  INFO: Read 4558 PK-FK relationships.
00:00  INFO: ==============================

00:00  INFO: ==============================
00:00  INFO: Generating templates using schema for join level: 0
00:00  INFO: Done generating 5920 templates.
00:00  INFO: ==============================

00:00  INFO: ==============================

00:00  INFO: ==============================
00:00  INFO: Loading log into memory...
00:04  INFO: Parsing statements...
00:11  INFO: Parsed 20000 statements...
00:21  INFO: Parsed 40000 statements...
00:28  INFO: Parsed 60000 statements...
00:40  INFO: Parsed 80000 statements...
00:45  INFO: Parsed 100000 statements...
00:55  INFO: Parsed 120000 statements...
01:06  INFO: Parsed 140000 statements...
01:18  INFO: Parsed 160000 statements...
01:32  INFO: Parsed 180000 statements...
01:47  INFO: Parsed 200000 statements...
02:03  INFO: Parsed 220000 statements...
02:14  INFO: Parsed 240000 statements...
02:30  INFO: Parsed 260000 statements...
02:49  INFO: Parsed 280000 statements...
03:01  INFO: Parsed 300000 statements...
03:19  INFO: Parsed 320000 statements...
03:33  INFO: Parsed 340000 statements...
03:47  INFO: Parsed 360000 statements...
04:00  INFO: Parsed 380000 statements...
04:10  INFO: Parsed 400000 statements...
04:16  INFO: Parsed 420000 statements...
04:23  INFO: Parsed 440000 statements...
04:32  INFO: Parsed 460000 statements...
04:41  INFO: Parsed 480000 statements...
04:48  INFO: Parsed 500000 statements...
05:10  INFO: Parsed 520000 statements...
05:30  INFO: Parsed 540000 statements...
06:33  INFO: Parsed 560000 statements...
07:10  INFO: Parsed 580000 statements...
07:18  INFO: Parsed 600000 statements...
07:34  INFO: Parsed 620000 statements...
07:45  INFO: Parsed 640000 statements...
07:57  INFO: Parsed 660000 statements...
08:07  INFO: Parsed 680000 statements...
08:18  INFO: Parsed 700000 statements...
08:29  INFO: Parsed 720000 statements...
08:43  INFO: Parsed 740000 statements...
08:54  INFO: Parsed 760000 statements...
09:32  INFO: Parsed 780000 statements...
09:56  INFO: Parsed 800000 statements...
10:21  INFO: Parsed 820000 statements...
net.sf.jsqlparser.parser.TokenMgrError: Lexical error at line 1, column 140.  Encountered: <EOF> after : ""
	at net.sf.jsqlparser.parser.CCJSqlParserTokenManager.getNextToken(CCJSqlParserTokenManager.java:3087)
	at net.sf.jsqlparser.parser.CCJSqlParser.jj_ntk_f(CCJSqlParser.java:16297)
	at net.sf.jsqlparser.parser.CCJSqlParser.SelectItem(CCJSqlParser.java:2882)
	at net.sf.jsqlparser.parser.CCJSqlParser.SelectItemsList(CCJSqlParser.java:2818)
	at net.sf.jsqlparser.parser.CCJSqlParser.PlainSelect(CCJSqlParser.java:2431)
	at net.sf.jsqlparser.parser.CCJSqlParser.SetOperationList(CCJSqlParser.java:2579)
	at net.sf.jsqlparser.parser.CCJSqlParser.SelectBody(CCJSqlParser.java:2336)
	at net.sf.jsqlparser.parser.CCJSqlParser.Select(CCJSqlParser.java:2328)
	at net.sf.jsqlparser.parser.CCJSqlParser.SingleStatement(CCJSqlParser.java:129)
	at net.sf.jsqlparser.parser.CCJSqlParser.Statement(CCJSqlParser.java:80)
	at net.sf.jsqlparser.parser.CCJSqlParserUtil.parse(CCJSqlParserUtil.java:54)
	at edu.umich.tbnalir.LogTemplateGenerator.parseStatements(LogTemplateGenerator.java:156)
	at edu.umich.tbnalir.SchemaAndLogTemplateGenerator.main(SchemaAndLogTemplateGenerator.java:83)
11:31  INFO: Parsed 840000 statements...
11:39  INFO: Parsed 860000 statements...
12:38  INFO: Parsed 880000 statements...
13:07  INFO: Parsed 900000 statements...
13:21  INFO: Parsed 920000 statements...
13:33  INFO: Parsed 940000 statements...
13:41  INFO: Parsed 960000 statements...
13:54  INFO: Parsed 980000 statements...
14:10  INFO: Parsed 1000000 statements...
14:29  INFO: Parsed 1020000 statements...
14:51  INFO: Parsed 1040000 statements...
15:02  INFO: Parsed 1060000 statements...
15:26  INFO: Parsed 1080000 statements...
15:43  INFO: Parsed 1100000 statements...
16:10  INFO: Parsed 1120000 statements...
net.sf.jsqlparser.parser.TokenMgrError: Lexical error at line 1, column 140.  Encountered: <EOF> after : ""
	at net.sf.jsqlparser.parser.CCJSqlParserTokenManager.getNextToken(CCJSqlParserTokenManager.java:3087)
	at net.sf.jsqlparser.parser.CCJSqlParser.jj_ntk_f(CCJSqlParser.java:16297)
	at net.sf.jsqlparser.parser.CCJSqlParser.SelectItem(CCJSqlParser.java:2882)
	at net.sf.jsqlparser.parser.CCJSqlParser.SelectItemsList(CCJSqlParser.java:2818)
	at net.sf.jsqlparser.parser.CCJSqlParser.PlainSelect(CCJSqlParser.java:2431)
	at net.sf.jsqlparser.parser.CCJSqlParser.SetOperationList(CCJSqlParser.java:2579)
	at net.sf.jsqlparser.parser.CCJSqlParser.SelectBody(CCJSqlParser.java:2336)
	at net.sf.jsqlparser.parser.CCJSqlParser.Select(CCJSqlParser.java:2328)
	at net.sf.jsqlparser.parser.CCJSqlParser.SingleStatement(CCJSqlParser.java:129)
	at net.sf.jsqlparser.parser.CCJSqlParser.Statement(CCJSqlParser.java:80)
	at net.sf.jsqlparser.parser.CCJSqlParserUtil.parse(CCJSqlParserUtil.java:54)
	at edu.umich.tbnalir.LogTemplateGenerator.parseStatements(LogTemplateGenerator.java:156)
	at edu.umich.tbnalir.SchemaAndLogTemplateGenerator.main(SchemaAndLogTemplateGenerator.java:83)
16:41  INFO: Parsed 1140000 statements...
17:05  INFO: Parsed 1160000 statements...
17:14  INFO: Parsed 1180000 statements...
17:31  INFO: Parsed 1200000 statements...
17:42  INFO: Parsed 1220000 statements...
17:58  INFO: Parsed 1240000 statements...
18:05  INFO: Parsed 1260000 statements...
18:10  INFO: Parsed 1280000 statements...
18:17  INFO: Parsed 1300000 statements...
18:27  INFO: Parsed 1320000 statements...
18:37  INFO: Parsed 1340000 statements...
18:51  INFO: Parsed 1360000 statements...
19:23  INFO: Parsed 1380000 statements...
19:54  INFO: Parsed 1400000 statements...
20:05  INFO: Parsed 1420000 statements...
20:14  INFO: Parsed 1440000 statements...
20:22  INFO: Parsed 1460000 statements...
20:35  INFO: Parsed 1480000 statements...
21:07  INFO: Parsed 1500000 statements...
21:30  INFO: Parsed 1520000 statements...
21:59  INFO: Parsed 1540000 statements...
22:35  INFO: Parsed 1560000 statements...
23:05  INFO: Parsed 1580000 statements...
23:41  INFO: Parsed 1600000 statements...
24:13  INFO: Parsed 1620000 statements...
24:49  INFO: Parsed 1640000 statements...
25:20  INFO: Parsed 1660000 statements...
25:33  INFO: Parsed 1680000 statements...
25:37  INFO: ===== Parsing Results =====
25:37  INFO: Total Queries: 1688976
25:37  INFO: Correctly Parsed: 1688972/1688976

25:37  INFO: ==============================

25:37  INFO: ==============================
25:37  INFO: Creating templates from log...
29:04  INFO: ==============================

29:04  INFO: ==============================
29:04  INFO: Measuring coverage...
29:52  INFO: Number of templates: 22326
29:52  INFO: Coverage: 1246281 / 1266728 (98.4)%
29:52  INFO: ==============================

