00:00  INFO: ==============================
00:00  INFO: Creating templates from schema...
00:00  INFO: ==============================
00:00  INFO: Reading relations info...
00:00  INFO: Read 370 relations/views/functions.
00:00  INFO: ==============================

00:00  INFO: ==============================
00:00  INFO: Reading edges info...
00:00 ERROR: Could not find attribute <filegroupname> in relation <filegroupmap>
00:00 ERROR: Could not find attribute <name> in relation <indexmap>
00:00 ERROR: Could not find attribute <objid> in relation <match>
00:00 ERROR: Could not find attribute <objid> in relation <match>
00:00 ERROR: Could not find attribute <regionid> in relation <region2box>
00:00  INFO: Read 4558 FK-PK relationships.
00:00  INFO: Read 4558 PK-FK relationships.
00:00  INFO: ==============================

00:00  INFO: ==============================
00:00  INFO: Generating templates using schema for join level: 1
00:00  INFO: Done generating 56768 templates.
00:00  INFO: ==============================

00:00  INFO: ==============================

00:00  INFO: ==============================
00:00  INFO: Loading log into memory...
00:05  INFO: Parsing statements...
00:11  INFO: Parsed 20000 statements...
00:20  INFO: Parsed 40000 statements...
00:26  INFO: Parsed 60000 statements...
00:36  INFO: Parsed 80000 statements...
00:41  INFO: Parsed 100000 statements...
00:49  INFO: Parsed 120000 statements...
00:59  INFO: Parsed 140000 statements...
01:13  INFO: Parsed 160000 statements...
01:23  INFO: Parsed 180000 statements...
01:34  INFO: Parsed 200000 statements...
01:48  INFO: Parsed 220000 statements...
01:55  INFO: Parsed 240000 statements...
02:04  INFO: Parsed 260000 statements...
02:14  INFO: Parsed 280000 statements...
02:21  INFO: Parsed 300000 statements...
02:32  INFO: Parsed 320000 statements...
02:40  INFO: Parsed 340000 statements...
02:49  INFO: Parsed 360000 statements...
03:02  INFO: Parsed 380000 statements...
03:12  INFO: Parsed 400000 statements...
03:18  INFO: Parsed 420000 statements...
03:25  INFO: Parsed 440000 statements...
03:33  INFO: Parsed 460000 statements...
03:41  INFO: Parsed 480000 statements...
03:47  INFO: Parsed 500000 statements...
03:57  INFO: Parsed 520000 statements...
04:06  INFO: Parsed 540000 statements...
04:44  INFO: Parsed 560000 statements...
05:04  INFO: Parsed 580000 statements...
05:09  INFO: Parsed 600000 statements...
05:17  INFO: Parsed 620000 statements...
05:26  INFO: Parsed 640000 statements...
05:38  INFO: Parsed 660000 statements...
05:48  INFO: Parsed 680000 statements...
06:00  INFO: Parsed 700000 statements...
06:11  INFO: Parsed 720000 statements...
06:24  INFO: Parsed 740000 statements...
06:35  INFO: Parsed 760000 statements...
07:12  INFO: Parsed 780000 statements...
07:34  INFO: Parsed 800000 statements...
07:58  INFO: Parsed 820000 statements...
net.sf.jsqlparser.parser.TokenMgrError: Lexical error at line 1, column 140.  Encountered: <EOF> after : ""
	at net.sf.jsqlparser.parser.CCJSqlParserTokenManager.getNextToken(CCJSqlParserTokenManager.java:3087)
	at net.sf.jsqlparser.parser.CCJSqlParser.jj_ntk_f(CCJSqlParser.java:16297)
	at net.sf.jsqlparser.parser.CCJSqlParser.SelectItem(CCJSqlParser.java:2882)
	at net.sf.jsqlparser.parser.CCJSqlParser.SelectItemsList(CCJSqlParser.java:2818)
	at net.sf.jsqlparser.parser.CCJSqlParser.PlainSelect(CCJSqlParser.java:2431)
	at net.sf.jsqlparser.parser.CCJSqlParser.SetOperationList(CCJSqlParser.java:2579)
	at net.sf.jsqlparser.parser.CCJSqlParser.SelectBody(CCJSqlParser.java:2336)
	at net.sf.jsqlparser.parser.CCJSqlParser.Select(CCJSqlParser.java:2328)
	at net.sf.jsqlparser.parser.CCJSqlParser.SingleStatement(CCJSqlParser.java:129)
	at net.sf.jsqlparser.parser.CCJSqlParser.Statement(CCJSqlParser.java:80)
	at net.sf.jsqlparser.parser.CCJSqlParserUtil.parse(CCJSqlParserUtil.java:54)
	at edu.umich.templar.LogTemplateGenerator.parseStatements(LogTemplateGenerator.java:156)
	at edu.umich.templar.SchemaAndLogTemplateGenerator.main(SchemaAndLogTemplateGenerator.java:83)
09:06  INFO: Parsed 840000 statements...
09:13  INFO: Parsed 860000 statements...
10:09  INFO: Parsed 880000 statements...
10:41  INFO: Parsed 900000 statements...
10:55  INFO: Parsed 920000 statements...
11:05  INFO: Parsed 940000 statements...
11:10  INFO: Parsed 960000 statements...
11:16  INFO: Parsed 980000 statements...
11:24  INFO: Parsed 1000000 statements...
11:38  INFO: Parsed 1020000 statements...
11:59  INFO: Parsed 1040000 statements...
12:13  INFO: Parsed 1060000 statements...
12:30  INFO: Parsed 1080000 statements...
12:43  INFO: Parsed 1100000 statements...
13:08  INFO: Parsed 1120000 statements...
net.sf.jsqlparser.parser.TokenMgrError: Lexical error at line 1, column 140.  Encountered: <EOF> after : ""
	at net.sf.jsqlparser.parser.CCJSqlParserTokenManager.getNextToken(CCJSqlParserTokenManager.java:3087)
	at net.sf.jsqlparser.parser.CCJSqlParser.jj_ntk_f(CCJSqlParser.java:16297)
	at net.sf.jsqlparser.parser.CCJSqlParser.SelectItem(CCJSqlParser.java:2882)
	at net.sf.jsqlparser.parser.CCJSqlParser.SelectItemsList(CCJSqlParser.java:2818)
	at net.sf.jsqlparser.parser.CCJSqlParser.PlainSelect(CCJSqlParser.java:2431)
	at net.sf.jsqlparser.parser.CCJSqlParser.SetOperationList(CCJSqlParser.java:2579)
	at net.sf.jsqlparser.parser.CCJSqlParser.SelectBody(CCJSqlParser.java:2336)
	at net.sf.jsqlparser.parser.CCJSqlParser.Select(CCJSqlParser.java:2328)
	at net.sf.jsqlparser.parser.CCJSqlParser.SingleStatement(CCJSqlParser.java:129)
	at net.sf.jsqlparser.parser.CCJSqlParser.Statement(CCJSqlParser.java:80)
	at net.sf.jsqlparser.parser.CCJSqlParserUtil.parse(CCJSqlParserUtil.java:54)
	at edu.umich.templar.LogTemplateGenerator.parseStatements(LogTemplateGenerator.java:156)
	at edu.umich.templar.SchemaAndLogTemplateGenerator.main(SchemaAndLogTemplateGenerator.java:83)
13:34  INFO: Parsed 1140000 statements...
13:53  INFO: Parsed 1160000 statements...
14:06  INFO: Parsed 1180000 statements...
14:19  INFO: Parsed 1200000 statements...
14:29  INFO: Parsed 1220000 statements...
14:42  INFO: Parsed 1240000 statements...
14:48  INFO: Parsed 1260000 statements...
14:53  INFO: Parsed 1280000 statements...
14:58  INFO: Parsed 1300000 statements...
15:08  INFO: Parsed 1320000 statements...
15:21  INFO: Parsed 1340000 statements...
15:34  INFO: Parsed 1360000 statements...
16:01  INFO: Parsed 1380000 statements...
16:24  INFO: Parsed 1400000 statements...
16:34  INFO: Parsed 1420000 statements...
16:43  INFO: Parsed 1440000 statements...
16:51  INFO: Parsed 1460000 statements...
16:59  INFO: Parsed 1480000 statements...
17:32  INFO: Parsed 1500000 statements...
17:59  INFO: Parsed 1520000 statements...
18:28  INFO: Parsed 1540000 statements...
19:00  INFO: Parsed 1560000 statements...
19:30  INFO: Parsed 1580000 statements...
20:04  INFO: Parsed 1600000 statements...
20:28  INFO: Parsed 1620000 statements...
20:59  INFO: Parsed 1640000 statements...
21:22  INFO: Parsed 1660000 statements...
21:31  INFO: Parsed 1680000 statements...
21:34  INFO: ===== Parsing Results =====
21:34  INFO: Total Queries: 1688976
21:34  INFO: Correctly Parsed: 1688972/1688976

21:34  INFO: ==============================

21:34  INFO: ==============================
21:34  INFO: Creating templates from log...
24:55  INFO: ==============================

24:55  INFO: ==============================
24:55  INFO: Measuring coverage...
25:38  INFO: Number of templates: 73228
25:38  INFO: Coverage: 1248605 / 1266728 (98.6)%
25:38  INFO: ==============================

