00:00  INFO: ==============================
00:00  INFO: Creating templates from schema...
00:00  INFO: ==============================
00:00  INFO: Reading relations info...
00:00  INFO: Read 370 relations/views/functions.
00:00  INFO: ==============================

00:00  INFO: ==============================
00:00  INFO: Reading edges info...
00:00 ERROR: Could not find attribute <filegroupname> in relation <filegroupmap>
00:00 ERROR: Could not find attribute <name> in relation <indexmap>
00:00 ERROR: Could not find attribute <objid> in relation <match>
00:00 ERROR: Could not find attribute <objid> in relation <match>
00:00 ERROR: Could not find attribute <regionid> in relation <region2box>
00:00  INFO: Read 4558 FK-PK relationships.
00:00  INFO: Read 4558 PK-FK relationships.
00:00  INFO: ==============================

00:00  INFO: ==============================
00:00  INFO: Generating templates using schema for join level: 0
00:00  INFO: Done generating 5920 templates.
00:00  INFO: ==============================

00:00  INFO: ==============================

00:00  INFO: ==============================
00:00  INFO: Loading log into memory...
00:04  INFO: Parsing statements...
00:10  INFO: Parsed 20000 statements...
00:19  INFO: Parsed 40000 statements...
00:25  INFO: Parsed 60000 statements...
00:35  INFO: Parsed 80000 statements...
00:39  INFO: Parsed 100000 statements...
00:47  INFO: Parsed 120000 statements...
00:56  INFO: Parsed 140000 statements...
01:06  INFO: Parsed 160000 statements...
01:19  INFO: Parsed 180000 statements...
01:27  INFO: Parsed 200000 statements...
01:38  INFO: Parsed 220000 statements...
01:47  INFO: Parsed 240000 statements...
01:55  INFO: Parsed 260000 statements...
02:05  INFO: Parsed 280000 statements...
02:11  INFO: Parsed 300000 statements...
02:22  INFO: Parsed 320000 statements...
02:30  INFO: Parsed 340000 statements...
02:39  INFO: Parsed 360000 statements...
02:52  INFO: Parsed 380000 statements...
03:01  INFO: Parsed 400000 statements...
03:06  INFO: Parsed 420000 statements...
03:13  INFO: Parsed 440000 statements...
03:22  INFO: Parsed 460000 statements...
03:30  INFO: Parsed 480000 statements...
03:36  INFO: Parsed 500000 statements...
03:46  INFO: Parsed 520000 statements...
03:55  INFO: Parsed 540000 statements...
04:40  INFO: Parsed 560000 statements...
05:02  INFO: Parsed 580000 statements...
05:09  INFO: Parsed 600000 statements...
05:24  INFO: Parsed 620000 statements...
05:37  INFO: Parsed 640000 statements...
05:51  INFO: Parsed 660000 statements...
06:01  INFO: Parsed 680000 statements...
06:13  INFO: Parsed 700000 statements...
06:23  INFO: Parsed 720000 statements...
06:37  INFO: Parsed 740000 statements...
06:48  INFO: Parsed 760000 statements...
07:27  INFO: Parsed 780000 statements...
07:53  INFO: Parsed 800000 statements...
08:19  INFO: Parsed 820000 statements...
net.sf.jsqlparser.parser.TokenMgrError: Lexical error at line 1, column 140.  Encountered: <EOF> after : ""
	at net.sf.jsqlparser.parser.CCJSqlParserTokenManager.getNextToken(CCJSqlParserTokenManager.java:3087)
	at net.sf.jsqlparser.parser.CCJSqlParser.jj_ntk_f(CCJSqlParser.java:16297)
	at net.sf.jsqlparser.parser.CCJSqlParser.SelectItem(CCJSqlParser.java:2882)
	at net.sf.jsqlparser.parser.CCJSqlParser.SelectItemsList(CCJSqlParser.java:2818)
	at net.sf.jsqlparser.parser.CCJSqlParser.PlainSelect(CCJSqlParser.java:2431)
	at net.sf.jsqlparser.parser.CCJSqlParser.SetOperationList(CCJSqlParser.java:2579)
	at net.sf.jsqlparser.parser.CCJSqlParser.SelectBody(CCJSqlParser.java:2336)
	at net.sf.jsqlparser.parser.CCJSqlParser.Select(CCJSqlParser.java:2328)
	at net.sf.jsqlparser.parser.CCJSqlParser.SingleStatement(CCJSqlParser.java:129)
	at net.sf.jsqlparser.parser.CCJSqlParser.Statement(CCJSqlParser.java:80)
	at net.sf.jsqlparser.parser.CCJSqlParserUtil.parse(CCJSqlParserUtil.java:54)
	at edu.umich.tbnalir.LogTemplateGenerator.parseStatements(LogTemplateGenerator.java:156)
	at edu.umich.tbnalir.SchemaAndLogTemplateGenerator.main(SchemaAndLogTemplateGenerator.java:83)
09:35  INFO: Parsed 840000 statements...
09:42  INFO: Parsed 860000 statements...
10:52  INFO: Parsed 880000 statements...
11:43  INFO: Parsed 900000 statements...
12:00  INFO: Parsed 920000 statements...
12:11  INFO: Parsed 940000 statements...
12:21  INFO: Parsed 960000 statements...
12:31  INFO: Parsed 980000 statements...
12:47  INFO: Parsed 1000000 statements...
13:06  INFO: Parsed 1020000 statements...
13:28  INFO: Parsed 1040000 statements...
13:40  INFO: Parsed 1060000 statements...
14:00  INFO: Parsed 1080000 statements...
14:14  INFO: Parsed 1100000 statements...
14:42  INFO: Parsed 1120000 statements...
net.sf.jsqlparser.parser.TokenMgrError: Lexical error at line 1, column 140.  Encountered: <EOF> after : ""
	at net.sf.jsqlparser.parser.CCJSqlParserTokenManager.getNextToken(CCJSqlParserTokenManager.java:3087)
	at net.sf.jsqlparser.parser.CCJSqlParser.jj_ntk_f(CCJSqlParser.java:16297)
	at net.sf.jsqlparser.parser.CCJSqlParser.SelectItem(CCJSqlParser.java:2882)
	at net.sf.jsqlparser.parser.CCJSqlParser.SelectItemsList(CCJSqlParser.java:2818)
	at net.sf.jsqlparser.parser.CCJSqlParser.PlainSelect(CCJSqlParser.java:2431)
	at net.sf.jsqlparser.parser.CCJSqlParser.SetOperationList(CCJSqlParser.java:2579)
	at net.sf.jsqlparser.parser.CCJSqlParser.SelectBody(CCJSqlParser.java:2336)
	at net.sf.jsqlparser.parser.CCJSqlParser.Select(CCJSqlParser.java:2328)
	at net.sf.jsqlparser.parser.CCJSqlParser.SingleStatement(CCJSqlParser.java:129)
	at net.sf.jsqlparser.parser.CCJSqlParser.Statement(CCJSqlParser.java:80)
	at net.sf.jsqlparser.parser.CCJSqlParserUtil.parse(CCJSqlParserUtil.java:54)
	at edu.umich.tbnalir.LogTemplateGenerator.parseStatements(LogTemplateGenerator.java:156)
	at edu.umich.tbnalir.SchemaAndLogTemplateGenerator.main(SchemaAndLogTemplateGenerator.java:83)
15:19  INFO: Parsed 1140000 statements...
15:39  INFO: Parsed 1160000 statements...
15:53  INFO: Parsed 1180000 statements...
16:13  INFO: Parsed 1200000 statements...
16:27  INFO: Parsed 1220000 statements...
16:44  INFO: Parsed 1240000 statements...
16:50  INFO: Parsed 1260000 statements...
16:55  INFO: Parsed 1280000 statements...
17:00  INFO: Parsed 1300000 statements...
17:12  INFO: Parsed 1320000 statements...
17:27  INFO: Parsed 1340000 statements...
17:49  INFO: Parsed 1360000 statements...
18:17  INFO: Parsed 1380000 statements...
18:47  INFO: Parsed 1400000 statements...
18:59  INFO: Parsed 1420000 statements...
19:11  INFO: Parsed 1440000 statements...
19:17  INFO: Parsed 1460000 statements...
19:30  INFO: Parsed 1480000 statements...
20:07  INFO: Parsed 1500000 statements...
20:36  INFO: Parsed 1520000 statements...
21:06  INFO: Parsed 1540000 statements...
21:43  INFO: Parsed 1560000 statements...
22:18  INFO: Parsed 1580000 statements...
22:52  INFO: Parsed 1600000 statements...
23:25  INFO: Parsed 1620000 statements...
24:04  INFO: Parsed 1640000 statements...
24:33  INFO: Parsed 1660000 statements...
24:47  INFO: Parsed 1680000 statements...
24:50  INFO: ===== Parsing Results =====
24:50  INFO: Total Queries: 1688976
24:50  INFO: Correctly Parsed: 1688972/1688976

24:50  INFO: ==============================

24:50  INFO: ==============================
24:50  INFO: Creating templates from log...
24:54  INFO: ==============================

24:54  INFO: ==============================
24:54  INFO: Measuring coverage...
27:52  INFO: Number of templates: 6764
27:52  INFO: Coverage: 1265334 / 1266728 (99.9)%
27:52  INFO: ==============================

