00:00  INFO: ==============================
00:00  INFO: Creating templates from schema...
00:00  INFO: ==============================
00:00  INFO: Reading relations info...
00:00  INFO: Read 370 relations/views/functions.
00:00  INFO: ==============================

00:00  INFO: ==============================
00:00  INFO: Reading edges info...
00:00 ERROR: Could not find attribute <filegroupname> in relation <filegroupmap>
00:00 ERROR: Could not find attribute <name> in relation <indexmap>
00:00 ERROR: Could not find attribute <objid> in relation <match>
00:00 ERROR: Could not find attribute <objid> in relation <match>
00:00 ERROR: Could not find attribute <regionid> in relation <region2box>
00:00  INFO: Read 4558 FK-PK relationships.
00:00  INFO: Read 4558 PK-FK relationships.
00:00  INFO: ==============================

00:00  INFO: ==============================
00:00  INFO: Generating templates using schema for join level: 1
00:00  INFO: Done generating 56768 templates.
00:00  INFO: ==============================

00:00  INFO: ==============================

00:00  INFO: ==============================
00:00  INFO: Loading log into memory...
00:05  INFO: Parsing statements...
00:11  INFO: Parsed 20000 statements...
00:21  INFO: Parsed 40000 statements...
00:27  INFO: Parsed 60000 statements...
00:37  INFO: Parsed 80000 statements...
00:42  INFO: Parsed 100000 statements...
00:50  INFO: Parsed 120000 statements...
01:00  INFO: Parsed 140000 statements...
01:13  INFO: Parsed 160000 statements...
01:24  INFO: Parsed 180000 statements...
01:34  INFO: Parsed 200000 statements...
01:50  INFO: Parsed 220000 statements...
02:01  INFO: Parsed 240000 statements...
02:11  INFO: Parsed 260000 statements...
02:22  INFO: Parsed 280000 statements...
02:28  INFO: Parsed 300000 statements...
02:39  INFO: Parsed 320000 statements...
02:48  INFO: Parsed 340000 statements...
02:57  INFO: Parsed 360000 statements...
03:09  INFO: Parsed 380000 statements...
03:19  INFO: Parsed 400000 statements...
03:25  INFO: Parsed 420000 statements...
03:32  INFO: Parsed 440000 statements...
03:41  INFO: Parsed 460000 statements...
03:49  INFO: Parsed 480000 statements...
03:55  INFO: Parsed 500000 statements...
04:04  INFO: Parsed 520000 statements...
04:14  INFO: Parsed 540000 statements...
04:53  INFO: Parsed 560000 statements...
05:14  INFO: Parsed 580000 statements...
05:18  INFO: Parsed 600000 statements...
05:26  INFO: Parsed 620000 statements...
05:33  INFO: Parsed 640000 statements...
05:40  INFO: Parsed 660000 statements...
05:45  INFO: Parsed 680000 statements...
05:51  INFO: Parsed 700000 statements...
05:57  INFO: Parsed 720000 statements...
06:05  INFO: Parsed 740000 statements...
06:13  INFO: Parsed 760000 statements...
06:53  INFO: Parsed 780000 statements...
07:15  INFO: Parsed 800000 statements...
07:38  INFO: Parsed 820000 statements...
net.sf.jsqlparser.parser.TokenMgrError: Lexical error at line 1, column 140.  Encountered: <EOF> after : ""
	at net.sf.jsqlparser.parser.CCJSqlParserTokenManager.getNextToken(CCJSqlParserTokenManager.java:3087)
	at net.sf.jsqlparser.parser.CCJSqlParser.jj_ntk_f(CCJSqlParser.java:16297)
	at net.sf.jsqlparser.parser.CCJSqlParser.SelectItem(CCJSqlParser.java:2882)
	at net.sf.jsqlparser.parser.CCJSqlParser.SelectItemsList(CCJSqlParser.java:2818)
	at net.sf.jsqlparser.parser.CCJSqlParser.PlainSelect(CCJSqlParser.java:2431)
	at net.sf.jsqlparser.parser.CCJSqlParser.SetOperationList(CCJSqlParser.java:2579)
	at net.sf.jsqlparser.parser.CCJSqlParser.SelectBody(CCJSqlParser.java:2336)
	at net.sf.jsqlparser.parser.CCJSqlParser.Select(CCJSqlParser.java:2328)
	at net.sf.jsqlparser.parser.CCJSqlParser.SingleStatement(CCJSqlParser.java:129)
	at net.sf.jsqlparser.parser.CCJSqlParser.Statement(CCJSqlParser.java:80)
	at net.sf.jsqlparser.parser.CCJSqlParserUtil.parse(CCJSqlParserUtil.java:54)
	at edu.umich.templar.LogTemplateGenerator.parseStatements(LogTemplateGenerator.java:156)
	at edu.umich.templar.SchemaAndLogTemplateGenerator.main(SchemaAndLogTemplateGenerator.java:83)
08:48  INFO: Parsed 840000 statements...
08:58  INFO: Parsed 860000 statements...
10:02  INFO: Parsed 880000 statements...
10:44  INFO: Parsed 900000 statements...
10:59  INFO: Parsed 920000 statements...
11:12  INFO: Parsed 940000 statements...
11:21  INFO: Parsed 960000 statements...
11:33  INFO: Parsed 980000 statements...
11:46  INFO: Parsed 1000000 statements...
12:06  INFO: Parsed 1020000 statements...
12:29  INFO: Parsed 1040000 statements...
12:39  INFO: Parsed 1060000 statements...
13:00  INFO: Parsed 1080000 statements...
13:09  INFO: Parsed 1100000 statements...
13:29  INFO: Parsed 1120000 statements...
net.sf.jsqlparser.parser.TokenMgrError: Lexical error at line 1, column 140.  Encountered: <EOF> after : ""
	at net.sf.jsqlparser.parser.CCJSqlParserTokenManager.getNextToken(CCJSqlParserTokenManager.java:3087)
	at net.sf.jsqlparser.parser.CCJSqlParser.jj_ntk_f(CCJSqlParser.java:16297)
	at net.sf.jsqlparser.parser.CCJSqlParser.SelectItem(CCJSqlParser.java:2882)
	at net.sf.jsqlparser.parser.CCJSqlParser.SelectItemsList(CCJSqlParser.java:2818)
	at net.sf.jsqlparser.parser.CCJSqlParser.PlainSelect(CCJSqlParser.java:2431)
	at net.sf.jsqlparser.parser.CCJSqlParser.SetOperationList(CCJSqlParser.java:2579)
	at net.sf.jsqlparser.parser.CCJSqlParser.SelectBody(CCJSqlParser.java:2336)
	at net.sf.jsqlparser.parser.CCJSqlParser.Select(CCJSqlParser.java:2328)
	at net.sf.jsqlparser.parser.CCJSqlParser.SingleStatement(CCJSqlParser.java:129)
	at net.sf.jsqlparser.parser.CCJSqlParser.Statement(CCJSqlParser.java:80)
	at net.sf.jsqlparser.parser.CCJSqlParserUtil.parse(CCJSqlParserUtil.java:54)
	at edu.umich.templar.LogTemplateGenerator.parseStatements(LogTemplateGenerator.java:156)
	at edu.umich.templar.SchemaAndLogTemplateGenerator.main(SchemaAndLogTemplateGenerator.java:83)
13:57  INFO: Parsed 1140000 statements...
14:19  INFO: Parsed 1160000 statements...
14:30  INFO: Parsed 1180000 statements...
14:48  INFO: Parsed 1200000 statements...
15:00  INFO: Parsed 1220000 statements...
15:16  INFO: Parsed 1240000 statements...
15:22  INFO: Parsed 1260000 statements...
15:27  INFO: Parsed 1280000 statements...
15:33  INFO: Parsed 1300000 statements...
15:47  INFO: Parsed 1320000 statements...
16:00  INFO: Parsed 1340000 statements...
16:15  INFO: Parsed 1360000 statements...
16:35  INFO: Parsed 1380000 statements...
16:58  INFO: Parsed 1400000 statements...
17:06  INFO: Parsed 1420000 statements...
17:10  INFO: Parsed 1440000 statements...
17:15  INFO: Parsed 1460000 statements...
17:24  INFO: Parsed 1480000 statements...
17:57  INFO: Parsed 1500000 statements...
18:18  INFO: Parsed 1520000 statements...
18:46  INFO: Parsed 1540000 statements...
19:19  INFO: Parsed 1560000 statements...
19:46  INFO: Parsed 1580000 statements...
20:23  INFO: Parsed 1600000 statements...
20:54  INFO: Parsed 1620000 statements...
21:34  INFO: Parsed 1640000 statements...
22:05  INFO: Parsed 1660000 statements...
22:14  INFO: Parsed 1680000 statements...
22:17  INFO: ===== Parsing Results =====
22:17  INFO: Total Queries: 1688976
22:17  INFO: Correctly Parsed: 1688972/1688976

22:17  INFO: ==============================

22:17  INFO: ==============================
22:17  INFO: Creating templates from log...
25:31  INFO: ==============================

25:31  INFO: ==============================
25:31  INFO: Measuring coverage...
25:46  INFO: Number of templates: 62049
25:46  INFO: Coverage: 843398 / 844485 (99.9)%
25:46  INFO: ==============================

