This is pdfTeX, Version 3.14159265-2.6-1.40.16 (TeX Live 2015) (preloaded format=pdflatex 2015.5.24)  20 MAR 2017 21:30
entering extended mode
 restricted \write18 enabled.
 %&-line parsing enabled.
**NLQ_TB_QueryLog.tex
(./NLQ_TB_QueryLog.tex
LaTeX2e <2015/01/01>
Babel <3.9l> and hyphenation patterns for 79 languages loaded.
(./vldb.cls (/usr/local/texlive/2015/texmf-dist/tex/latex/geometry/geometry.sty
Package: geometry 2010/09/12 v5.6 Page Geometry
(/usr/local/texlive/2015/texmf-dist/tex/latex/graphics/keyval.sty
Package: keyval 2014/10/28 v1.15 key=value parser (DPC)
\KV@toks@=\toks14
)
(/usr/local/texlive/2015/texmf-dist/tex/generic/oberdiek/ifpdf.sty
Package: ifpdf 2011/01/30 v2.3 Provides the ifpdf switch (HO)
Package ifpdf Info: pdfTeX in PDF mode is detected.
)
(/usr/local/texlive/2015/texmf-dist/tex/generic/oberdiek/ifvtex.sty
Package: ifvtex 2010/03/01 v1.5 Detect VTeX and its facilities (HO)
Package ifvtex Info: VTeX not detected.
)
(/usr/local/texlive/2015/texmf-dist/tex/generic/ifxetex/ifxetex.sty
Package: ifxetex 2010/09/12 v0.6 Provides ifxetex conditional
)
\Gm@cnth=\count79
\Gm@cntv=\count80
\c@Gm@tempcnt=\count81
\Gm@bindingoffset=\dimen102
\Gm@wd@mp=\dimen103
\Gm@odd@mp=\dimen104
\Gm@even@mp=\dimen105
\Gm@layoutwidth=\dimen106
\Gm@layoutheight=\dimen107
\Gm@layouthoffset=\dimen108
\Gm@layoutvoffset=\dimen109
\Gm@dimlist=\toks15
)
(/usr/local/texlive/2015/texmf-dist/tex/latex/graphics/epsfig.sty
Package: epsfig 1999/02/16 v1.7a (e)psfig emulation (SPQR)

(/usr/local/texlive/2015/texmf-dist/tex/latex/graphics/graphicx.sty
Package: graphicx 2014/10/28 v1.0g Enhanced LaTeX Graphics (DPC,SPQR)

(/usr/local/texlive/2015/texmf-dist/tex/latex/graphics/graphics.sty
Package: graphics 2014/10/28 v1.0p Standard LaTeX Graphics (DPC,SPQR)

(/usr/local/texlive/2015/texmf-dist/tex/latex/graphics/trig.sty
Package: trig 1999/03/16 v1.09 sin cos tan (DPC)
)
(/usr/local/texlive/2015/texmf-dist/tex/latex/latexconfig/graphics.cfg
File: graphics.cfg 2010/04/23 v1.9 graphics configuration of TeX Live
)
Package graphics Info: Driver file: pdftex.def on input line 94.

(/usr/local/texlive/2015/texmf-dist/tex/latex/pdftex-def/pdftex.def
File: pdftex.def 2011/05/27 v0.06d Graphics/color for pdfTeX

(/usr/local/texlive/2015/texmf-dist/tex/generic/oberdiek/infwarerr.sty
Package: infwarerr 2010/04/08 v1.3 Providing info/warning/error messages (HO)
)
(/usr/local/texlive/2015/texmf-dist/tex/generic/oberdiek/ltxcmds.sty
Package: ltxcmds 2011/11/09 v1.22 LaTeX kernel commands for general use (HO)
)
\Gread@gobject=\count82
))
\Gin@req@height=\dimen110
\Gin@req@width=\dimen111
)
\epsfxsize=\dimen112
\epsfysize=\dimen113
)
(/usr/local/texlive/2015/texmf-dist/tex/latex/amsfonts/amssymb.sty
Package: amssymb 2013/01/14 v3.01 AMS font symbols

(/usr/local/texlive/2015/texmf-dist/tex/latex/amsfonts/amsfonts.sty
Package: amsfonts 2013/01/14 v3.01 Basic AMSFonts support
\@emptytoks=\toks16
\symAMSa=\mathgroup4
\symAMSb=\mathgroup5
LaTeX Font Info:    Overwriting math alphabet `\mathfrak' in version `bold'
(Font)                  U/euf/m/n --> U/euf/b/n on input line 106.
))
(/usr/local/texlive/2015/texmf-dist/tex/latex/amsmath/amsmath.sty
Package: amsmath 2013/01/14 v2.14 AMS math features
\@mathmargin=\skip41

For additional information on amsmath, use the `?' option.
(/usr/local/texlive/2015/texmf-dist/tex/latex/amsmath/amstext.sty
Package: amstext 2000/06/29 v2.01

(/usr/local/texlive/2015/texmf-dist/tex/latex/amsmath/amsgen.sty
File: amsgen.sty 1999/11/30 v2.0
\@emptytoks=\toks17
\ex@=\dimen114
))
(/usr/local/texlive/2015/texmf-dist/tex/latex/amsmath/amsbsy.sty
Package: amsbsy 1999/11/29 v1.2d
\pmbraise@=\dimen115
)
(/usr/local/texlive/2015/texmf-dist/tex/latex/amsmath/amsopn.sty
Package: amsopn 1999/12/14 v2.01 operator names
)
\inf@bad=\count83
LaTeX Info: Redefining \frac on input line 210.
\uproot@=\count84
\leftroot@=\count85
LaTeX Info: Redefining \overline on input line 306.
\classnum@=\count86
\DOTSCASE@=\count87
LaTeX Info: Redefining \ldots on input line 378.
LaTeX Info: Redefining \dots on input line 381.
LaTeX Info: Redefining \cdots on input line 466.
\Mathstrutbox@=\box26
\strutbox@=\box27
\big@size=\dimen116
LaTeX Font Info:    Redeclaring font encoding OML on input line 566.
LaTeX Font Info:    Redeclaring font encoding OMS on input line 567.
\macc@depth=\count88
\c@MaxMatrixCols=\count89
\dotsspace@=\muskip10
\c@parentequation=\count90
\dspbrk@lvl=\count91
\tag@help=\toks18
\row@=\count92
\column@=\count93
\maxfields@=\count94
\andhelp@=\toks19
\eqnshift@=\dimen117
\alignsep@=\dimen118
\tagshift@=\dimen119
\tagwidth@=\dimen120
\totwidth@=\dimen121
\lineht@=\dimen122
\@envbody=\toks20
\multlinegap=\skip42
\multlinetaggap=\skip43
\mathdisplay@stack=\toks21
LaTeX Info: Redefining \[ on input line 2665.
LaTeX Info: Redefining \] on input line 2666.
)
Document Class 'vldb' - based on 'sig-alternate' <26th. July '05>. Modified by 
G.K.M. Tobin/Gerry Murray
Based in part upon document Style `acmconf' <22 May 89>. Hacked 4/91 by
shivers@cs.cmu.edu, 4/93 by theobald@cs.mcgill.ca
Excerpts were taken from (Journal Style) 'esub2acm.cls'.
****** Bugs/comments/suggestions/technicalities to Gerry Murray -- murray@hq.ac
m.org ******
Questions on the style, SIGS policies, etc. to Adrienne Griscti griscti@acm.org

\footheight=\dimen123
\@maxsep=\dimen124
\@dblmaxsep=\dimen125
\aucount=\count95
\originalaucount=\count96
\auwidth=\dimen126
\auskip=\dimen127
\auskipcount=\count97
\auskip=\dimen128
\allauboxes=\dimen129
\addauthors=\toks22
\addauflag=\count98
\subtitletext=\toks23
\savesection=\count99
\sectioncntr=\count100
\c@figure=\count101
\c@table=\count102
\titleboxnotes=\toks24
\titleboxnoteflag=\count103
Document Class: vldb 2010/10/19 - V1.8b - based on sig-alternate V1.8 - based o
n acmproc.cls V1.3 <Nov. 30 '99>
(/usr/local/texlive/2015/texmf-dist/tex/latex/base/latexsym.sty
Package: latexsym 1998/08/17 v2.2e Standard LaTeX package (lasy symbols)
\symlasy=\mathgroup6
LaTeX Font Info:    Overwriting symbol font `lasy' in version `bold'
(Font)                  U/lasy/m/n --> U/lasy/b/n on input line 52.
)
\@acmtitlebox=\box28
\titlenotecount=\count104
\tntoks=\toks25
\tntokstwo=\toks26
\tntoksthree=\toks27
\tntoksfour=\toks28
\tntoksfive=\toks29
\catcount=\count105
\copyrightnotice=\toks30
\conf=\toks31
\confinfo=\toks32
\c@part=\count106
\c@section=\count107
\c@subsection=\count108
\c@subsubsection=\count109
\c@paragraph=\count110

Using 'Abbrev' bibliography style
\bibindent=\dimen130
\colcntr=\count111
\savebox=\box29
\copyrtyr=\toks33
\acmcopyr=\toks34
\boilerplate=\toks35
\copyrightetc=\toks36
) (/usr/local/texlive/2015/texmf-dist/tex/latex/preprint/balance.sty
Package: balance 1999/02/23 4.3 (PWD)
\oldvsize=\dimen131
)
\c@example=\count112
\c@definition=\count113

(./NLQ_TB_QueryLog.aux)
\openout1 = `NLQ_TB_QueryLog.aux'.

LaTeX Font Info:    Checking defaults for OML/cmm/m/it on input line 7.
LaTeX Font Info:    ... okay on input line 7.
LaTeX Font Info:    Checking defaults for T1/cmr/m/n on input line 7.
LaTeX Font Info:    ... okay on input line 7.
LaTeX Font Info:    Checking defaults for OT1/cmr/m/n on input line 7.
LaTeX Font Info:    ... okay on input line 7.
LaTeX Font Info:    Checking defaults for OMS/cmsy/m/n on input line 7.
LaTeX Font Info:    ... okay on input line 7.
LaTeX Font Info:    Checking defaults for OMX/cmex/m/n on input line 7.
LaTeX Font Info:    ... okay on input line 7.
LaTeX Font Info:    Checking defaults for U/cmr/m/n on input line 7.
LaTeX Font Info:    ... okay on input line 7.

*geometry* detected driver: pdftex
*geometry* verbose mode - [ preamble ] result:
* driver: pdftex
* paper: letterpaper
* layout: <same size as paper>
* layoutoffset:(h,v)=(0.0pt,0.0pt)
* modes: twoside 
* h-part:(L,W,R)=(92.14519pt, 430.00462pt, 92.14519pt)
* v-part:(T,H,B)=(95.39737pt, 556.47656pt, 143.09605pt)
* \paperwidth=614.295pt
* \paperheight=794.96999pt
* \textwidth=504.0pt
* \textheight=666.0pt
* \oddsidemargin=-18.26999pt
* \evensidemargin=-18.26999pt
* \topmargin=-55.26999pt
* \headheight=12.0pt
* \headsep=25.0pt
* \topskip=10.0pt
* \footskip=30.0pt
* \marginparwidth=0.0pt
* \marginparsep=11.0pt
* \columnsep=24.0pt
* \skip\footins=8.1pt plus 4.0pt minus 2.0pt
* \hoffset=0.0pt
* \voffset=0.0pt
* \mag=1000
* \@twocolumntrue
* \@twosidetrue
* \@mparswitchtrue
* \@reversemarginfalse
* (1in=72.27pt=25.4mm, 1cm=28.453pt)

(/usr/local/texlive/2015/texmf-dist/tex/context/base/supp-pdf.mkii
[Loading MPS to PDF converter (version 2006.09.02).]
\scratchcounter=\count114
\scratchdimen=\dimen132
\scratchbox=\box30
\nofMPsegments=\count115
\nofMParguments=\count116
\everyMPshowfont=\toks37
\MPscratchCnt=\count117
\MPscratchDim=\dimen133
\MPnumerator=\count118
\makeMPintoPDFobject=\count119
\everyMPtoPDFconversion=\toks38
) (/usr/local/texlive/2015/texmf-dist/tex/generic/oberdiek/pdftexcmds.sty
Package: pdftexcmds 2011/11/29 v0.20 Utility functions of pdfTeX for LuaTeX (HO
)

(/usr/local/texlive/2015/texmf-dist/tex/generic/oberdiek/ifluatex.sty
Package: ifluatex 2010/03/01 v1.3 Provides the ifluatex switch (HO)
Package ifluatex Info: LuaTeX not detected.
)
Package pdftexcmds Info: LuaTeX not detected.
Package pdftexcmds Info: \pdf@primitive is available.
Package pdftexcmds Info: \pdf@ifprimitive is available.
Package pdftexcmds Info: \pdfdraftmode found.
)
(/usr/local/texlive/2015/texmf-dist/tex/latex/oberdiek/epstopdf-base.sty
Package: epstopdf-base 2010/02/09 v2.5 Base part for package epstopdf

(/usr/local/texlive/2015/texmf-dist/tex/latex/oberdiek/grfext.sty
Package: grfext 2010/08/19 v1.1 Manage graphics extensions (HO)

(/usr/local/texlive/2015/texmf-dist/tex/generic/oberdiek/kvdefinekeys.sty
Package: kvdefinekeys 2011/04/07 v1.3 Define keys (HO)
))
(/usr/local/texlive/2015/texmf-dist/tex/latex/oberdiek/kvoptions.sty
Package: kvoptions 2011/06/30 v3.11 Key value format for package options (HO)

(/usr/local/texlive/2015/texmf-dist/tex/generic/oberdiek/kvsetkeys.sty
Package: kvsetkeys 2012/04/25 v1.16 Key value parser (HO)

(/usr/local/texlive/2015/texmf-dist/tex/generic/oberdiek/etexcmds.sty
Package: etexcmds 2011/02/16 v1.5 Avoid name clashes with e-TeX commands (HO)
Package etexcmds Info: Could not find \expanded.
(etexcmds)             That can mean that you are not using pdfTeX 1.50 or
(etexcmds)             that some package has redefined \expanded.
(etexcmds)             In the latter case, load this package earlier.
)))
Package grfext Info: Graphics extension search list:
(grfext)             [.png,.pdf,.jpg,.mps,.jpeg,.jbig2,.jb2,.PNG,.PDF,.JPG,.JPE
G,.JBIG2,.JB2,.eps]
(grfext)             \AppendGraphicsExtensions on input line 452.

(/usr/local/texlive/2015/texmf-dist/tex/latex/latexconfig/epstopdf-sys.cfg
File: epstopdf-sys.cfg 2010/07/13 v1.3 Configuration of (r)epstopdf for TeX Liv
e
))
LaTeX Font Info:    Try loading font information for U+msa on input line 25.

(/usr/local/texlive/2015/texmf-dist/tex/latex/amsfonts/umsa.fd
File: umsa.fd 2013/01/14 v3.01 AMS symbols A
)
LaTeX Font Info:    Try loading font information for U+msb on input line 25.

(/usr/local/texlive/2015/texmf-dist/tex/latex/amsfonts/umsb.fd
File: umsb.fd 2013/01/14 v3.01 AMS symbols B
)
LaTeX Font Info:    Try loading font information for U+lasy on input line 25.

(/usr/local/texlive/2015/texmf-dist/tex/latex/base/ulasy.fd
File: ulasy.fd 1998/08/17 v2.2e LaTeX symbol font definitions
)
Underfull \hbox (badness 2245) in paragraph at lines 25--25
[]\crnotice This work is li-censed un-der the Cre-ative Com-mons Attribution-
 []


Overfull \hbox (3.52298pt too wide) in paragraph at lines 30--32
[]\OT1/cmr/m/n/9 We have con-structed a sys-tem, TB-NaLIR (Template-Based
 []


Overfull \hbox (1.53378pt too wide) in paragraph at lines 39--40
\OT1/cmr/m/n/9 garded by many as the ul-ti-mate goal for ac-cess-ing a database
,
 []


Overfull \hbox (2.16774pt too wide) in paragraph at lines 39--40
\OT1/cmr/m/n/9 and many nat-u-ral lan-guage in-ter-faces to databases (NLIDBs)
 []

<pic/runningExample.pdf, id=1, 413.20876pt x 203.59113pt>
File: pic/runningExample.pdf Graphic file (type pdf)

<use pic/runningExample.pdf>
Package pdftex.def Info: pic/runningExample.pdf used on input line 43.
(pdftex.def)             Requested size: 227.99927pt x 112.33582pt.

Overfull \hbox (2.01715pt too wide) in paragraph at lines 51--52
\OT1/cmr/m/it/9 query re-quires these two sets to be com-pletely non-overlappin
g
 []

[1{/usr/local/texlive/2015/texmf-var/fonts/map/pdftex/updmap/pdftex.map}


 <./pic/runningExample.pdf>]
Overfull \hbox (3.7577pt too wide) in paragraph at lines 76--77
[]\OT1/cmr/m/it/9 Weighted SQL Tem-plates. \OT1/cmr/m/n/9 We pro-vide a generic
 method
 []

[2] <pic/sampleTemplate.pdf, id=44, 472.03723pt x 83.43562pt>
File: pic/sampleTemplate.pdf Graphic file (type pdf)

<use pic/sampleTemplate.pdf>
Package pdftex.def Info: pic/sampleTemplate.pdf used on input line 96.
(pdftex.def)             Requested size: 240.0pt x 42.42174pt.

<pic/systemArchitecture.pdf, id=45, 505.28897pt x 168.91187pt>
File: pic/systemArchitecture.pdf Graphic file (type pdf)

<use pic/systemArchitecture.pdf>
Package pdftex.def Info: pic/systemArchitecture.pdf used on input line 103.
(pdftex.def)             Requested size: 453.59692pt x 151.63264pt.
 [3 <./pic/sampleTemplate.pdf>]
Underfull \vbox (badness 6675) has occurred while \output is active []

 [4 <./pic/systemArchitecture.pdf>]
Overfull \hbox (5.11949pt too wide) in paragraph at lines 168--170
\OT1/cmr/m/n/9 uses only se-lec-tions, pro-jec-tions, FKPK (foreign-key-primary
-
 []

[5] <pic/SPJQuery2.pdf, id=110, 481.2115pt x 122.8028pt>
File: pic/SPJQuery2.pdf Graphic file (type pdf)

<use pic/SPJQuery2.pdf>
Package pdftex.def Info: pic/SPJQuery2.pdf used on input line 210.
(pdftex.def)             Requested size: 215.99854pt x 55.12207pt.

Overfull \hbox (1.68098pt too wide) in paragraph at lines 242--243
[]\OT1/cmr/m/it/9 The rel-e-vance gr-
 []

[6 <./pic/SPJQuery2.pdf>]
Overfull \hbox (5.34584pt too wide) in paragraph at lines 256--257
[]\OT1/cmr/m/it/9 The tem-plate graph
 []


Overfull \hbox (6.18942pt too wide) in paragraph at lines 266--267
\OT1/cmr/m/n/9 (SQL key-words, schema el-e-ments and database val-ues). Then,
 []

<pic/nodeType.pdf, id=138, 369.99261pt x 188.88235pt>
File: pic/nodeType.pdf Graphic file (type pdf)
 <use pic/nodeType.pdf>
Package pdftex.def Info: pic/nodeType.pdf used on input line 275.
(pdftex.def)             Requested size: 192.00073pt x 98.01762pt.

Overfull \hbox (12.37323pt too wide) in paragraph at lines 283--284
[]\OT1/cmr/m/it/9 Represent the given
 []


Overfull \hbox (4.83403pt too wide) in paragraph at lines 283--284
\OT1/cmr/m/it/9 mal-ized im-por-tance of each tu-ple is de-fined as $\OML/cmm/m
/it/9 log[]\OT1/cmr/m/n/9 (\OML/cmm/m/it/9 pagerank\OT1/cmr/m/n/9 )$\OT1/cmr/m/
it/9 ,
 []


Overfull \hbox (5.43147pt too wide) in paragraph at lines 287--288
[]\OT1/cmr/m/it/9 Let $\OML/cmm/m/it/9 S$
 []

[7 <./pic/nodeType.pdf>]
<pic/statistics.pdf, id=169, 355.75041pt x 127.82004pt>
File: pic/statistics.pdf Graphic file (type pdf)

<use pic/statistics.pdf>
Package pdftex.def Info: pic/statistics.pdf used on input line 329.
(pdftex.def)             Requested size: 192.00073pt x 68.98668pt.
 [8 <./pic/statistics.pdf>]
<pic/experimentsOffline.pdf, id=197, 535.59406pt x 329.4174pt>
File: pic/experimentsOffline.pdf Graphic file (type pdf)

<use pic/experimentsOffline.pdf>
Package pdftex.def Info: pic/experimentsOffline.pdf used on input line 351.
(pdftex.def)             Requested size: 215.99854pt x 132.85034pt.


LaTeX Warning: `h' float specifier changed to `ht'.


Underfull \vbox (badness 10000) has occurred while \output is active []

 [9 <./pic/experimentsOffline.pdf>]
Missing character: There is no â in font cmr9!
Missing character: There is no € in font cmr9!
Missing character: There is no ™ in font cmr9!

<pic/experimentsOnline.pdf, id=268, 427.24397pt x 212.43436pt>
File: pic/experimentsOnline.pdf Graphic file (type pdf)

<use pic/experimentsOnline.pdf>
Package pdftex.def Info: pic/experimentsOnline.pdf used on input line 379.
(pdftex.def)             Requested size: 180.0pt x 89.50058pt.

Underfull \vbox (badness 3428) has occurred while \output is active []

 [10 <./pic/experimentsOnline.pdf>]
Underfull \vbox (badness 10000) has occurred while \output is active []


(./NLQ_TB_QueryLog.bbl [11]
Underfull \vbox (badness 10000) has occurred while \output is active []

) [12]
(./NLQ_TB_QueryLog.aux) ) 
Here is how much of TeX's memory you used:
 3135 strings out of 493089
 43088 string characters out of 6134842
 119004 words of memory out of 5000000
 6544 multiletter control sequences out of 15000+600000
 27717 words of font info for 61 fonts, out of 8000000 for 9000
 1141 hyphenation exceptions out of 8191
 41i,10n,28p,1813b,295s stack positions out of 5000i,500n,10000p,200000b,80000s
{/usr/local/texlive/2015/texmf-dist/fonts/enc/dvips/ba
se/8r.enc}</usr/local/texlive/2015/texmf-dist/fonts/type1/public/amsfonts/cm/cm
bx9.pfb></usr/local/texlive/2015/texmf-dist/fonts/type1/public/amsfonts/cm/cmcs
c10.pfb></usr/local/texlive/2015/texmf-dist/fonts/type1/public/amsfonts/cmextra
/cmex9.pfb></usr/local/texlive/2015/texmf-dist/fonts/type1/public/amsfonts/cm/c
mmi5.pfb></usr/local/texlive/2015/texmf-dist/fonts/type1/public/amsfonts/cm/cmm
i6.pfb></usr/local/texlive/2015/texmf-dist/fonts/type1/public/amsfonts/cm/cmmi9
.pfb></usr/local/texlive/2015/texmf-dist/fonts/type1/public/amsfonts/cm/cmr6.pf
b></usr/local/texlive/2015/texmf-dist/fonts/type1/public/amsfonts/cm/cmr9.pfb><
/usr/local/texlive/2015/texmf-dist/fonts/type1/public/amsfonts/cm/cmsy5.pfb></u
sr/local/texlive/2015/texmf-dist/fonts/type1/public/amsfonts/cm/cmsy6.pfb></usr
/local/texlive/2015/texmf-dist/fonts/type1/public/amsfonts/cm/cmsy9.pfb></usr/l
ocal/texlive/2015/texmf-dist/fonts/type1/public/amsfonts/cm/cmti7.pfb></usr/loc
al/texlive/2015/texmf-dist/fonts/type1/public/amsfonts/cm/cmti9.pfb></usr/local
/texlive/2015/texmf-dist/fonts/type1/urw/helvetic/uhvb8a.pfb></usr/local/texliv
e/2015/texmf-dist/fonts/type1/urw/helvetic/uhvr8a.pfb></usr/local/texlive/2015/
texmf-dist/fonts/type1/urw/times/utmb8a.pfb></usr/local/texlive/2015/texmf-dist
/fonts/type1/urw/times/utmr8a.pfb></usr/local/texlive/2015/texmf-dist/fonts/typ
e1/urw/times/utmri8a.pfb>
Output written on NLQ_TB_QueryLog.pdf (12 pages, 539252 bytes).
PDF statistics:
 369 PDF objects out of 1000 (max. 8388607)
 253 compressed objects within 3 object streams
 0 named destinations out of 1000 (max. 500000)
 41 words of extra memory for PDF output out of 10000 (max. 10000000)

