This is pdfTeX, Version 3.14159265-2.6-1.40.16 (TeX Live 2015) (preloaded format=pdflatex 2015.5.24)  2 APR 2017 13:50
entering extended mode
 restricted \write18 enabled.
 %&-line parsing enabled.
**TBOnline.tex
(./TBOnline.tex
LaTeX2e <2015/01/01>
Babel <3.9l> and hyphenation patterns for 79 languages loaded.
(./vldb.cls (/usr/local/texlive/2015/texmf-dist/tex/latex/geometry/geometry.sty
Package: geometry 2010/09/12 v5.6 Page Geometry
(/usr/local/texlive/2015/texmf-dist/tex/latex/graphics/keyval.sty
Package: keyval 2014/10/28 v1.15 key=value parser (DPC)
\KV@toks@=\toks14
)
(/usr/local/texlive/2015/texmf-dist/tex/generic/oberdiek/ifpdf.sty
Package: ifpdf 2011/01/30 v2.3 Provides the ifpdf switch (HO)
Package ifpdf Info: pdfTeX in PDF mode is detected.
)
(/usr/local/texlive/2015/texmf-dist/tex/generic/oberdiek/ifvtex.sty
Package: ifvtex 2010/03/01 v1.5 Detect VTeX and its facilities (HO)
Package ifvtex Info: VTeX not detected.
)
(/usr/local/texlive/2015/texmf-dist/tex/generic/ifxetex/ifxetex.sty
Package: ifxetex 2010/09/12 v0.6 Provides ifxetex conditional
)
\Gm@cnth=\count79
\Gm@cntv=\count80
\c@Gm@tempcnt=\count81
\Gm@bindingoffset=\dimen102
\Gm@wd@mp=\dimen103
\Gm@odd@mp=\dimen104
\Gm@even@mp=\dimen105
\Gm@layoutwidth=\dimen106
\Gm@layoutheight=\dimen107
\Gm@layouthoffset=\dimen108
\Gm@layoutvoffset=\dimen109
\Gm@dimlist=\toks15
)
(/usr/local/texlive/2015/texmf-dist/tex/latex/graphics/epsfig.sty
Package: epsfig 1999/02/16 v1.7a (e)psfig emulation (SPQR)

(/usr/local/texlive/2015/texmf-dist/tex/latex/graphics/graphicx.sty
Package: graphicx 2014/10/28 v1.0g Enhanced LaTeX Graphics (DPC,SPQR)

(/usr/local/texlive/2015/texmf-dist/tex/latex/graphics/graphics.sty
Package: graphics 2014/10/28 v1.0p Standard LaTeX Graphics (DPC,SPQR)

(/usr/local/texlive/2015/texmf-dist/tex/latex/graphics/trig.sty
Package: trig 1999/03/16 v1.09 sin cos tan (DPC)
)
(/usr/local/texlive/2015/texmf-dist/tex/latex/latexconfig/graphics.cfg
File: graphics.cfg 2010/04/23 v1.9 graphics configuration of TeX Live
)
Package graphics Info: Driver file: pdftex.def on input line 94.

(/usr/local/texlive/2015/texmf-dist/tex/latex/pdftex-def/pdftex.def
File: pdftex.def 2011/05/27 v0.06d Graphics/color for pdfTeX

(/usr/local/texlive/2015/texmf-dist/tex/generic/oberdiek/infwarerr.sty
Package: infwarerr 2010/04/08 v1.3 Providing info/warning/error messages (HO)
)
(/usr/local/texlive/2015/texmf-dist/tex/generic/oberdiek/ltxcmds.sty
Package: ltxcmds 2011/11/09 v1.22 LaTeX kernel commands for general use (HO)
)
\Gread@gobject=\count82
))
\Gin@req@height=\dimen110
\Gin@req@width=\dimen111
)
\epsfxsize=\dimen112
\epsfysize=\dimen113
)
(/usr/local/texlive/2015/texmf-dist/tex/latex/amsfonts/amssymb.sty
Package: amssymb 2013/01/14 v3.01 AMS font symbols

(/usr/local/texlive/2015/texmf-dist/tex/latex/amsfonts/amsfonts.sty
Package: amsfonts 2013/01/14 v3.01 Basic AMSFonts support
\@emptytoks=\toks16
\symAMSa=\mathgroup4
\symAMSb=\mathgroup5
LaTeX Font Info:    Overwriting math alphabet `\mathfrak' in version `bold'
(Font)                  U/euf/m/n --> U/euf/b/n on input line 106.
))
(/usr/local/texlive/2015/texmf-dist/tex/latex/amsmath/amsmath.sty
Package: amsmath 2013/01/14 v2.14 AMS math features
\@mathmargin=\skip41

For additional information on amsmath, use the `?' option.
(/usr/local/texlive/2015/texmf-dist/tex/latex/amsmath/amstext.sty
Package: amstext 2000/06/29 v2.01

(/usr/local/texlive/2015/texmf-dist/tex/latex/amsmath/amsgen.sty
File: amsgen.sty 1999/11/30 v2.0
\@emptytoks=\toks17
\ex@=\dimen114
))
(/usr/local/texlive/2015/texmf-dist/tex/latex/amsmath/amsbsy.sty
Package: amsbsy 1999/11/29 v1.2d
\pmbraise@=\dimen115
)
(/usr/local/texlive/2015/texmf-dist/tex/latex/amsmath/amsopn.sty
Package: amsopn 1999/12/14 v2.01 operator names
)
\inf@bad=\count83
LaTeX Info: Redefining \frac on input line 210.
\uproot@=\count84
\leftroot@=\count85
LaTeX Info: Redefining \overline on input line 306.
\classnum@=\count86
\DOTSCASE@=\count87
LaTeX Info: Redefining \ldots on input line 378.
LaTeX Info: Redefining \dots on input line 381.
LaTeX Info: Redefining \cdots on input line 466.
\Mathstrutbox@=\box26
\strutbox@=\box27
\big@size=\dimen116
LaTeX Font Info:    Redeclaring font encoding OML on input line 566.
LaTeX Font Info:    Redeclaring font encoding OMS on input line 567.
\macc@depth=\count88
\c@MaxMatrixCols=\count89
\dotsspace@=\muskip10
\c@parentequation=\count90
\dspbrk@lvl=\count91
\tag@help=\toks18
\row@=\count92
\column@=\count93
\maxfields@=\count94
\andhelp@=\toks19
\eqnshift@=\dimen117
\alignsep@=\dimen118
\tagshift@=\dimen119
\tagwidth@=\dimen120
\totwidth@=\dimen121
\lineht@=\dimen122
\@envbody=\toks20
\multlinegap=\skip42
\multlinetaggap=\skip43
\mathdisplay@stack=\toks21
LaTeX Info: Redefining \[ on input line 2665.
LaTeX Info: Redefining \] on input line 2666.
)
Document Class 'vldb' - based on 'sig-alternate' <26th. July '05>. Modified by 
G.K.M. Tobin/Gerry Murray
Based in part upon document Style `acmconf' <22 May 89>. Hacked 4/91 by
shivers@cs.cmu.edu, 4/93 by theobald@cs.mcgill.ca
Excerpts were taken from (Journal Style) 'esub2acm.cls'.
****** Bugs/comments/suggestions/technicalities to Gerry Murray -- murray@hq.ac
m.org ******
Questions on the style, SIGS policies, etc. to Adrienne Griscti griscti@acm.org

\footheight=\dimen123
\@maxsep=\dimen124
\@dblmaxsep=\dimen125
\aucount=\count95
\originalaucount=\count96
\auwidth=\dimen126
\auskip=\dimen127
\auskipcount=\count97
\auskip=\dimen128
\allauboxes=\dimen129
\addauthors=\toks22
\addauflag=\count98
\subtitletext=\toks23
\savesection=\count99
\sectioncntr=\count100
\c@figure=\count101
\c@table=\count102
\titleboxnotes=\toks24
\titleboxnoteflag=\count103
Document Class: vldb 2010/10/19 - V1.8b - based on sig-alternate V1.8 - based o
n acmproc.cls V1.3 <Nov. 30 '99>
(/usr/local/texlive/2015/texmf-dist/tex/latex/base/latexsym.sty
Package: latexsym 1998/08/17 v2.2e Standard LaTeX package (lasy symbols)
\symlasy=\mathgroup6
LaTeX Font Info:    Overwriting symbol font `lasy' in version `bold'
(Font)                  U/lasy/m/n --> U/lasy/b/n on input line 52.
)
\@acmtitlebox=\box28
\titlenotecount=\count104
\tntoks=\toks25
\tntokstwo=\toks26
\tntoksthree=\toks27
\tntoksfour=\toks28
\tntoksfive=\toks29
\catcount=\count105
\copyrightnotice=\toks30
\conf=\toks31
\confinfo=\toks32
\c@part=\count106
\c@section=\count107
\c@subsection=\count108
\c@subsubsection=\count109
\c@paragraph=\count110

Using 'Abbrev' bibliography style
\bibindent=\dimen130
\colcntr=\count111
\savebox=\box29
\copyrtyr=\toks33
\acmcopyr=\toks34
\boilerplate=\toks35
\copyrightetc=\toks36
) (/usr/local/texlive/2015/texmf-dist/tex/latex/preprint/balance.sty
Package: balance 1999/02/23 4.3 (PWD)
\oldvsize=\dimen131
)
\c@example=\count112
\c@definition=\count113

(./TBOnline.aux

LaTeX Warning: Label `fig:sampleTemplate' multiply defined.


LaTeX Warning: Label `example:appearance' multiply defined.

)
\openout1 = `TBOnline.aux'.

LaTeX Font Info:    Checking defaults for OML/cmm/m/it on input line 7.
LaTeX Font Info:    ... okay on input line 7.
LaTeX Font Info:    Checking defaults for T1/cmr/m/n on input line 7.
LaTeX Font Info:    ... okay on input line 7.
LaTeX Font Info:    Checking defaults for OT1/cmr/m/n on input line 7.
LaTeX Font Info:    ... okay on input line 7.
LaTeX Font Info:    Checking defaults for OMS/cmsy/m/n on input line 7.
LaTeX Font Info:    ... okay on input line 7.
LaTeX Font Info:    Checking defaults for OMX/cmex/m/n on input line 7.
LaTeX Font Info:    ... okay on input line 7.
LaTeX Font Info:    Checking defaults for U/cmr/m/n on input line 7.
LaTeX Font Info:    ... okay on input line 7.

*geometry* detected driver: pdftex
*geometry* verbose mode - [ preamble ] result:
* driver: pdftex
* paper: letterpaper
* layout: <same size as paper>
* layoutoffset:(h,v)=(0.0pt,0.0pt)
* modes: twoside 
* h-part:(L,W,R)=(92.14519pt, 430.00462pt, 92.14519pt)
* v-part:(T,H,B)=(95.39737pt, 556.47656pt, 143.09605pt)
* \paperwidth=614.295pt
* \paperheight=794.96999pt
* \textwidth=504.0pt
* \textheight=666.0pt
* \oddsidemargin=-18.26999pt
* \evensidemargin=-18.26999pt
* \topmargin=-55.26999pt
* \headheight=12.0pt
* \headsep=25.0pt
* \topskip=10.0pt
* \footskip=30.0pt
* \marginparwidth=0.0pt
* \marginparsep=11.0pt
* \columnsep=24.0pt
* \skip\footins=8.1pt plus 4.0pt minus 2.0pt
* \hoffset=0.0pt
* \voffset=0.0pt
* \mag=1000
* \@twocolumntrue
* \@twosidetrue
* \@mparswitchtrue
* \@reversemarginfalse
* (1in=72.27pt=25.4mm, 1cm=28.453pt)

(/usr/local/texlive/2015/texmf-dist/tex/context/base/supp-pdf.mkii
[Loading MPS to PDF converter (version 2006.09.02).]
\scratchcounter=\count114
\scratchdimen=\dimen132
\scratchbox=\box30
\nofMPsegments=\count115
\nofMParguments=\count116
\everyMPshowfont=\toks37
\MPscratchCnt=\count117
\MPscratchDim=\dimen133
\MPnumerator=\count118
\makeMPintoPDFobject=\count119
\everyMPtoPDFconversion=\toks38
) (/usr/local/texlive/2015/texmf-dist/tex/generic/oberdiek/pdftexcmds.sty
Package: pdftexcmds 2011/11/29 v0.20 Utility functions of pdfTeX for LuaTeX (HO
)

(/usr/local/texlive/2015/texmf-dist/tex/generic/oberdiek/ifluatex.sty
Package: ifluatex 2010/03/01 v1.3 Provides the ifluatex switch (HO)
Package ifluatex Info: LuaTeX not detected.
)
Package pdftexcmds Info: LuaTeX not detected.
Package pdftexcmds Info: \pdf@primitive is available.
Package pdftexcmds Info: \pdf@ifprimitive is available.
Package pdftexcmds Info: \pdfdraftmode found.
)
(/usr/local/texlive/2015/texmf-dist/tex/latex/oberdiek/epstopdf-base.sty
Package: epstopdf-base 2010/02/09 v2.5 Base part for package epstopdf

(/usr/local/texlive/2015/texmf-dist/tex/latex/oberdiek/grfext.sty
Package: grfext 2010/08/19 v1.1 Manage graphics extensions (HO)

(/usr/local/texlive/2015/texmf-dist/tex/generic/oberdiek/kvdefinekeys.sty
Package: kvdefinekeys 2011/04/07 v1.3 Define keys (HO)
))
(/usr/local/texlive/2015/texmf-dist/tex/latex/oberdiek/kvoptions.sty
Package: kvoptions 2011/06/30 v3.11 Key value format for package options (HO)

(/usr/local/texlive/2015/texmf-dist/tex/generic/oberdiek/kvsetkeys.sty
Package: kvsetkeys 2012/04/25 v1.16 Key value parser (HO)

(/usr/local/texlive/2015/texmf-dist/tex/generic/oberdiek/etexcmds.sty
Package: etexcmds 2011/02/16 v1.5 Avoid name clashes with e-TeX commands (HO)
Package etexcmds Info: Could not find \expanded.
(etexcmds)             That can mean that you are not using pdfTeX 1.50 or
(etexcmds)             that some package has redefined \expanded.
(etexcmds)             In the latter case, load this package earlier.
)))
Package grfext Info: Graphics extension search list:
(grfext)             [.png,.pdf,.jpg,.mps,.jpeg,.jbig2,.jb2,.PNG,.PDF,.JPG,.JPE
G,.JBIG2,.JB2,.eps]
(grfext)             \AppendGraphicsExtensions on input line 452.

(/usr/local/texlive/2015/texmf-dist/tex/latex/latexconfig/epstopdf-sys.cfg
File: epstopdf-sys.cfg 2010/07/13 v1.3 Configuration of (r)epstopdf for TeX Liv
e
))
LaTeX Font Info:    Try loading font information for U+msa on input line 10.

(/usr/local/texlive/2015/texmf-dist/tex/latex/amsfonts/umsa.fd
File: umsa.fd 2013/01/14 v3.01 AMS symbols A
)
LaTeX Font Info:    Try loading font information for U+msb on input line 10.

(/usr/local/texlive/2015/texmf-dist/tex/latex/amsfonts/umsb.fd
File: umsb.fd 2013/01/14 v3.01 AMS symbols B
)
LaTeX Font Info:    Try loading font information for U+lasy on input line 10.

(/usr/local/texlive/2015/texmf-dist/tex/latex/base/ulasy.fd
File: ulasy.fd 1998/08/17 v2.2e LaTeX symbol font definitions
)

LaTeX Warning: No \author given.


Underfull \hbox (badness 2245) in paragraph at lines 10--10
[]\crnotice This work is li-censed un-der the Cre-ative Com-mons Attribution-
 []


Overfull \hbox (2.2904pt too wide) in paragraph at lines 27--28
\OT1/cmr/m/it/9 hoc \OT1/cmr/m/n/9 query in-tent \OT1/cmr/m/it/9 with no learn-
ing curve\OT1/cmr/m/n/9 . That is why NLIDBs
 []


Underfull \vbox (badness 1424) has occurred while \output is active []


Overfull \hbox (2.6268pt too wide) in paragraph at lines 29--30
\OT1/cmr/m/n/9 are not truly sim-ple, and hence have not been adopted widely.
 []

<pic/runningExample.pdf, id=1, 415.80547pt x 203.76074pt>
File: pic/runningExample.pdf Graphic file (type pdf)

<use pic/runningExample.pdf>
Package pdftex.def Info: pic/runningExample.pdf used on input line 36.
(pdftex.def)             Requested size: 240.0pt x 117.60922pt.
 [1{/usr/local/texlive/2015/texmf-var/fonts/map/pdftex/updmap/pdftex.map}


 <./pic/runningExample.pdf>]
Overfull \hbox (8.62415pt too wide) in paragraph at lines 55--56
[]\OT1/cmr/m/it/9 Consider the query in Ex-am-ple 1[] again. When
 []


Overfull \hbox (6.57515pt too wide) in paragraph at lines 58--59
\OT1/cmr/m/n/9 sim-i-lar-ity be-tween sim-i-lar nat-u-ral lan-guage ex-pres-sio
ns. Early
 []

[2]
Overfull \hbox (2.41649pt too wide) in paragraph at lines 69--70
[]\OT1/cmr/m/n/9 We present met-rics that are hy-per-pa-ram-e-ter free, which
 []


Overfull \hbox (2.03809pt too wide) in paragraph at lines 71--72
[]\OT1/cmr/m/n/9 Interactive com-mu-ni-ca-tions are de-signed, in which mul-
 []

[3] <pic/sampleTemplate.pdf, id=44, 520.983pt x 131.84497pt>
File: pic/sampleTemplate.pdf Graphic file (type pdf)

<use pic/sampleTemplate.pdf>
Package pdftex.def Info: pic/sampleTemplate.pdf used on input line 97.
(pdftex.def)             Requested size: 240.0pt x 60.73793pt.

Overfull \hbox (2.67532pt too wide) in paragraph at lines 94--101
[]\OT1/cmr/m/it/9 The SQL tem-plate cor-re-spond-ing to ``au-thors
 []


Overfull \hbox (8.34308pt too wide) in paragraph at lines 115--116
[]\OT1/cmr/m/it/9 For the query of ``au-thors fo-cus-ing on database
 []


Underfull \vbox (badness 4981) has occurred while \output is active []

 [4 <./pic/sampleTemplate.pdf>]
Overfull \hbox (3.34973pt too wide) in paragraph at lines 126--127
\OT1/cmr/m/n/9 of-ten rep-re-sent sen-tences as bags of words/$\OML/cmm/m/it/9 
n$\OT1/cmr/m/n/9 -grams or strings,
 []


Overfull \hbox (6.41225pt too wide) in paragraph at lines 128--129
\OT1/cmr/m/n/9 sults of word2vec [29], which em-beds words to low-dimensional
 []

<pic/word2vec.pdf, id=80, 479.7675pt x 256.60437pt>
File: pic/word2vec.pdf Graphic file (type pdf)
 <use pic/word2vec.pdf>
Package pdftex.def Info: pic/word2vec.pdf used on input line 134.
(pdftex.def)             Requested size: 215.99854pt x 115.52571pt.


LaTeX Warning: `h' float specifier changed to `ht'.

[5 <./pic/word2vec.pdf>] <pic/nodeType.pdf, id=108, 369.95282pt x 188.96086pt>
File: pic/nodeType.pdf Graphic file (type pdf)

<use pic/nodeType.pdf>
Package pdftex.def Info: pic/nodeType.pdf used on input line 165.
(pdftex.def)             Requested size: 204.00146pt x 104.19981pt.

Overfull \hbox (6.65794pt too wide) in paragraph at lines 179--180
[]\OT1/cmr/m/it/9 The data graph is a undi-
 []

LaTeX Font Info:    Try loading font information for OMS+cmr on input line 192.

(/usr/local/texlive/2015/texmf-dist/tex/latex/base/omscmr.fd
File: omscmr.fd 2014/09/29 v2.5h Standard LaTeX font definitions
)
LaTeX Font Info:    Font shape `OMS/cmr/m/it' in size <9> not available
(Font)              Font shape `OMS/cmsy/m/n' tried instead on input line 192.

Overfull \hbox (10.72086pt too wide) in paragraph at lines 198--199
[]
 []


LaTeX Warning: Reference `example:FeifeiLi' on page 6 undefined on input line 2
05.

[6 <./pic/nodeType.pdf>] <pic/feifeili.pdf, id=146, 401.23938pt x 88.38039pt>
File: pic/feifeili.pdf Graphic file (type pdf)

<use pic/feifeili.pdf>
Package pdftex.def Info: pic/feifeili.pdf used on input line 211.
(pdftex.def)             Requested size: 215.99854pt x 47.57768pt.

<pic/systemArchitecture.pdf, id=147, 425.21973pt x 169.13399pt>
File: pic/systemArchitecture.pdf Graphic file (type pdf)

<use pic/systemArchitecture.pdf>
Package pdftex.def Info: pic/systemArchitecture.pdf used on input line 218.
(pdftex.def)             Requested size: 403.20154pt x 160.38731pt.


LaTeX Warning: Reference `example:FeifeiLi' on page 7 undefined on input line 2
25.


Overfull \hbox (2.03336pt too wide) in paragraph at lines 249--250
[]  \subsecfnt To-k-enizer. \OT1/cmr/m/n/9 The to-k-enizer iden-ti-fies the set
s of nodes in query
 []


Overfull \hbox (3.2061pt too wide) in paragraph at lines 252--253
[]  \subsecfnt Tem-plate Map-per. \OT1/cmr/m/n/9 The next step is to un-der-sta
nd the whole
 []

<pic/statistics.pdf, id=148, 355.75041pt x 127.82004pt>
File: pic/statistics.pdf Graphic file (type pdf)

<use pic/statistics.pdf>
Package pdftex.def Info: pic/statistics.pdf used on input line 271.
(pdftex.def)             Requested size: 192.00073pt x 68.98668pt.

Underfull \vbox (badness 3838) has occurred while \output is active []

 [7 <./pic/feifeili.pdf>] <pic/sampleEntities.pdf, id=180, 418.84964pt x 73.904
71pt>
File: pic/sampleEntities.pdf Graphic file (type pdf)

<use pic/sampleEntities.pdf>
Package pdftex.def Info: pic/sampleEntities.pdf used on input line 288.
(pdftex.def)             Requested size: 240.0pt x 42.34714pt.
 [8 <./pic/systemArchitecture.pdf> <./pic/statistics.pdf> <./pic/sampleEntities
.pdf>]
<pic/expEntity.pdf, id=248, 403.08769pt x 75.89032pt>
File: pic/expEntity.pdf Graphic file (type pdf)
 <use pic/expEntity.pdf>
Package pdftex.def Info: pic/expEntity.pdf used on input line 300.
(pdftex.def)             Requested size: 227.99927pt x 42.92673pt.

Overfull \hbox (3.49762pt too wide) in paragraph at lines 321--322
\OT1/cmr/m/n/9 queries and $\OMS/cmsy/m/n/9 j\OML/cmm/m/it/9 M[]\OMS/cmsy/m/n/9
 j$ \OT1/cmr/m/n/9 is the num-ber of queries that can be mapped
 []

<pic/experimentsTraining.pdf, id=249, 317.90149pt x 196.0113pt>
File: pic/experimentsTraining.pdf Graphic file (type pdf)

<use pic/experimentsTraining.pdf>
Package pdftex.def Info: pic/experimentsTraining.pdf used on input line 325.
(pdftex.def)             Requested size: 180.0pt x 110.98586pt.

Underfull \vbox (badness 10000) has occurred while \output is active []

 [9 <./pic/expEntity.pdf>]
Overfull \hbox (8.05667pt too wide) in paragraph at lines 338--339
\OT1/cmr/m/n/9 suc-cess in ma-chine trans-la-tion [11] and ques-tion an-swer ma
tch-
 []


Underfull \vbox (badness 10000) has occurred while \output is active []

 [10 <./pic/experimentsTraining.pdf>] (./TBOnline.bbl
Underfull \vbox (badness 1558) has occurred while \output is active []

 [11]
Underfull \vbox (badness 10000) has occurred while \output is active []

) [12]
(./TBOnline.aux)

LaTeX Warning: There were undefined references.


LaTeX Warning: There were multiply-defined labels.

 ) 
Here is how much of TeX's memory you used:
 3165 strings out of 493089
 43584 string characters out of 6134842
 119077 words of memory out of 5000000
 6571 multiletter control sequences out of 15000+600000
 25409 words of font info for 59 fonts, out of 8000000 for 9000
 1141 hyphenation exceptions out of 8191
 41i,8n,28p,1928b,309s stack positions out of 5000i,500n,10000p,200000b,80000s
{/usr/local/texlive/2015/texmf-dist/fonts/enc/dvips/base/8r.enc}</usr/local/t
exlive/2015/texmf-dist/fonts/type1/public/amsfonts/cm/cmbx9.pfb></usr/local/tex
live/2015/texmf-dist/fonts/type1/public/amsfonts/cm/cmcsc10.pfb></usr/local/tex
live/2015/texmf-dist/fonts/type1/public/amsfonts/cmextra/cmex9.pfb></usr/local/
texlive/2015/texmf-dist/fonts/type1/public/amsfonts/cm/cmmi6.pfb></usr/local/te
xlive/2015/texmf-dist/fonts/type1/public/amsfonts/cm/cmmi9.pfb></usr/local/texl
ive/2015/texmf-dist/fonts/type1/public/amsfonts/cm/cmr6.pfb></usr/local/texlive
/2015/texmf-dist/fonts/type1/public/amsfonts/cm/cmr9.pfb></usr/local/texlive/20
15/texmf-dist/fonts/type1/public/amsfonts/cm/cmsy6.pfb></usr/local/texlive/2015
/texmf-dist/fonts/type1/public/amsfonts/cm/cmsy9.pfb></usr/local/texlive/2015/t
exmf-dist/fonts/type1/public/amsfonts/cm/cmti7.pfb></usr/local/texlive/2015/tex
mf-dist/fonts/type1/public/amsfonts/cm/cmti9.pfb></usr/local/texlive/2015/texmf
-dist/fonts/type1/urw/helvetic/uhvb8a.pfb></usr/local/texlive/2015/texmf-dist/f
onts/type1/urw/times/utmb8a.pfb></usr/local/texlive/2015/texmf-dist/fonts/type1
/urw/times/utmr8a.pfb></usr/local/texlive/2015/texmf-dist/fonts/type1/urw/times
/utmri8a.pfb>
Output written on TBOnline.pdf (12 pages, 532989 bytes).
PDF statistics:
 374 PDF objects out of 1000 (max. 8388607)
 264 compressed objects within 3 object streams
 0 named destinations out of 1000 (max. 500000)
 51 words of extra memory for PDF output out of 10000 (max. 10000000)

