00:00  INFO: ==============================
00:00  INFO: Creating templates from schema...
00:00  INFO: ==============================
00:00  INFO: Reading relations info...
00:00  INFO: Read 18 relations/views/functions.
00:00  INFO: ==============================

00:00  INFO: ==============================
00:00  INFO: Reading edges info...
00:00  INFO: Read 22 FK-PK relationships.
00:00  INFO: Read 22 PK-FK relationships.
00:00  INFO: ==============================

00:00  INFO: ==============================
00:00  INFO: Generating templates using schema for join level: 1
00:00  INFO: Done generating 624 templates.
00:00  INFO: ==============================

00:00  INFO: ==============================

00:00  INFO: ==============================
00:00  INFO: Loading log into memory...
00:00  INFO: Parsing statements...
00:00  INFO: ===== Parsing Results =====
00:00  INFO: Total Queries: 206
00:00  INFO: Correctly Parsed: 199/206

00:00  INFO: ==============================

00:00  INFO: Performing 4-fold cross-validation...
00:00  INFO: ===== Legend =====
00:00  INFO: 1 <Abs. Constants> / 2 <Abs. Constants/Comparison Ops> / 3 <Abs. Full Predicates>
00:00  INFO: a <Don't Abs. Projections> / b <Abs. Projections>
00:00  INFO: Saving advising_const.csv...
00:00  INFO: Saving advising_const_proj.csv...
00:00  INFO: Saving advising_comp.csv...
00:00  INFO: Saving advising_comp_proj.csv...
00:00  INFO: Saving advising_pred.csv...
00:00  INFO: Saving advising_pred_proj.csv...
00:00  INFO: --- Fold 0 ---
00:00  INFO: Template Gen. Set Size: 149
00:00  INFO: Coverage Test Set Size: 50
00:00  INFO:            	1a	1b	2a	2b	3a	3b
00:00  INFO: Coverage %:	0.0%	0.0%	0.0%	0.0%	0.0%	36.0%	
00:00  INFO: Tmpl. Count:	0	0	0	0	0	624	

00:00  INFO: --- Fold 1 ---
00:00  INFO: Template Gen. Set Size: 149
00:00  INFO: Coverage Test Set Size: 50
00:00  INFO:            	1a	1b	2a	2b	3a	3b
00:00  INFO: Coverage %:	0.0%	0.0%	0.0%	0.0%	0.0%	28.0%	
00:00  INFO: Tmpl. Count:	0	0	0	0	0	624	

00:00  INFO: --- Fold 2 ---
00:00  INFO: Template Gen. Set Size: 149
00:00  INFO: Coverage Test Set Size: 50
00:00  INFO:            	1a	1b	2a	2b	3a	3b
00:00  INFO: Coverage %:	0.0%	0.0%	0.0%	0.0%	0.0%	32.0%	
00:00  INFO: Tmpl. Count:	0	0	0	0	0	624	

00:01  INFO: --- Fold 3 ---
00:01  INFO: Template Gen. Set Size: 150
00:01  INFO: Coverage Test Set Size: 49
00:01  INFO:            	1a	1b	2a	2b	3a	3b
00:01  INFO: Coverage %:	0.0%	0.0%	0.0%	0.0%	0.0%	28.6%	
00:01  INFO: Tmpl. Count:	0	0	0	0	0	624	

