00:00  INFO: ==============================
00:00  INFO: Creating templates from schema...
00:00  INFO: ==============================
00:00  INFO: Reading relations info...
00:00  INFO: Read 7 relations/views/functions.
00:00  INFO: ==============================

00:00  INFO: ==============================
00:00  INFO: Reading edges info...
00:00  INFO: Read 8 FK-PK relationships.
00:00  INFO: Read 8 PK-FK relationships.
00:00  INFO: ==============================

00:00  INFO: ==============================
00:00  INFO: Generating templates using schema for join level: 0
00:00  INFO: Done generating 112 templates.
00:00  INFO: ==============================

00:00  INFO: ==============================

00:00  INFO: ==============================
00:00  INFO: Loading log into memory...
00:00  INFO: Parsing statements...
00:00  INFO: ===== Parsing Results =====
00:00  INFO: Total Queries: 853
00:00  INFO: Correctly Parsed: 852/853

00:00  INFO: ==============================

00:00  INFO: Performing 4-fold cross-validation...
00:00  INFO: ===== Legend =====
00:00  INFO: 1 <Abs. Constants> / 2 <Abs. Constants/Comparison Ops> / 3 <Abs. Full Predicates>
00:00  INFO: a <Don't Abs. Projections> / b <Abs. Projections>
00:00  INFO: Saving geography-new_const.csv...
00:00  INFO: Saving geography-new_const_proj.csv...
00:01  INFO: Saving geography-new_comp.csv...
00:01  INFO: Saving geography-new_comp_proj.csv...
00:01  INFO: Saving geography-new_pred.csv...
00:01  INFO: Saving geography-new_pred_proj.csv...
00:01  INFO: --- Fold 0 ---
00:01  INFO: Template Gen. Set Size: 639
00:01  INFO: Coverage Test Set Size: 213
00:01  INFO:            	1a	1b	2a	2b	3a	3b
00:01  INFO: Coverage %:	84.0%	90.6%	85.4%	91.5%	95.3%	99.1%	
00:01  INFO: Tmpl. Count:	303	219	276	210	192	129	

00:01  INFO: --- Fold 1 ---
00:01  INFO: Template Gen. Set Size: 639
00:01  INFO: Coverage Test Set Size: 213
00:01  INFO:            	1a	1b	2a	2b	3a	3b
00:01  INFO: Coverage %:	81.2%	93.0%	85.0%	94.4%	93.4%	98.6%	
00:01  INFO: Tmpl. Count:	299	223	277	215	189	128	

00:01  INFO: --- Fold 2 ---
00:01  INFO: Template Gen. Set Size: 639
00:01  INFO: Coverage Test Set Size: 213
00:01  INFO:            	1a	1b	2a	2b	3a	3b
00:01  INFO: Coverage %:	81.2%	86.9%	83.1%	88.3%	93.4%	97.7%	
00:01  INFO: Tmpl. Count:	300	215	275	207	189	127	

00:01  INFO: --- Fold 3 ---
00:01  INFO: Template Gen. Set Size: 639
00:01  INFO: Coverage Test Set Size: 213
00:01  INFO:            	1a	1b	2a	2b	3a	3b
00:01  INFO: Coverage %:	80.8%	91.5%	85.4%	92.0%	93.9%	98.1%	
00:01  INFO: Tmpl. Count:	300	220	280	210	189	127	

