00:00  INFO: ==============================
00:00  INFO: Creating templates from schema...
00:00  INFO: ==============================
00:00  INFO: Reading relations info...
00:00  INFO: Read 7 relations/views/functions.
00:00  INFO: ==============================

00:00  INFO: ==============================
00:00  INFO: Reading edges info...
00:00  INFO: Read 8 FK-PK relationships.
00:00  INFO: Read 8 PK-FK relationships.
00:00  INFO: ==============================

00:00  INFO: ==============================
00:00  INFO: Generating templates using schema for join level: 1
00:00  INFO: Done generating 208 templates.
00:00  INFO: ==============================

00:00  INFO: ==============================

00:00  INFO: ==============================
00:00  INFO: Loading log into memory...
00:00  INFO: Parsing statements...
00:00  INFO: ===== Parsing Results =====
00:00  INFO: Total Queries: 853
00:00  INFO: Correctly Parsed: 852/853

00:00  INFO: ==============================

00:00  INFO: Performing 4-fold cross-validation...
00:00  INFO: ===== Legend =====
00:00  INFO: 1 <Abs. Constants> / 2 <Abs. Constants/Comparison Ops> / 3 <Abs. Full Predicates>
00:00  INFO: a <Don't Abs. Projections> / b <Abs. Projections>
00:01  INFO: Saving geography-new_const.csv...
00:01  INFO: Saving geography-new_const_proj.csv...
00:01  INFO: Saving geography-new_comp.csv...
00:01  INFO: Saving geography-new_comp_proj.csv...
00:01  INFO: Saving geography-new_pred.csv...
00:01  INFO: Saving geography-new_pred_proj.csv...
00:01  INFO: --- Fold 0 ---
00:01  INFO: Template Gen. Set Size: 639
00:01  INFO: Coverage Test Set Size: 213
00:01  INFO:            	1a	1b	2a	2b	3a	3b
00:01  INFO: Coverage %:	0.0%	0.0%	0.0%	0.0%	0.0%	98.1%	
00:01  INFO: Tmpl. Count:	0	0	0	0	0	208	

00:01  INFO: --- Fold 1 ---
00:01  INFO: Template Gen. Set Size: 639
00:01  INFO: Coverage Test Set Size: 213
00:01  INFO:            	1a	1b	2a	2b	3a	3b
00:01  INFO: Coverage %:	0.0%	0.0%	0.0%	0.0%	0.0%	97.2%	
00:01  INFO: Tmpl. Count:	0	0	0	0	0	208	

00:01  INFO: --- Fold 2 ---
00:01  INFO: Template Gen. Set Size: 639
00:01  INFO: Coverage Test Set Size: 213
00:01  INFO:            	1a	1b	2a	2b	3a	3b
00:01  INFO: Coverage %:	0.0%	0.0%	0.0%	0.0%	0.0%	97.7%	
00:01  INFO: Tmpl. Count:	0	0	0	0	0	208	

00:01  INFO: --- Fold 3 ---
00:01  INFO: Template Gen. Set Size: 639
00:01  INFO: Coverage Test Set Size: 213
00:01  INFO:            	1a	1b	2a	2b	3a	3b
00:01  INFO: Coverage %:	0.0%	0.0%	0.0%	0.0%	0.0%	97.7%	
00:01  INFO: Tmpl. Count:	0	0	0	0	0	208	

