00:00  INFO: ==============================
00:00  INFO: Creating templates from schema...
00:00  INFO: ==============================
00:00  INFO: Reading relations info...
00:00  INFO: Read 3 relations/views/functions.
00:00  INFO: ==============================

00:00  INFO: ==============================
00:00  INFO: Reading edges info...
00:00  INFO: Read 3 FK-PK relationships.
00:00  INFO: Read 3 PK-FK relationships.
00:00  INFO: ==============================

00:00  INFO: ==============================
00:00  INFO: Generating templates using schema for join level: 1
00:00  INFO: Done generating 96 templates.
00:00  INFO: ==============================

00:00  INFO: ==============================

00:00  INFO: ==============================
00:00  INFO: Loading log into memory...
00:00  INFO: Parsing statements...
00:00  INFO: ===== Parsing Results =====
00:00  INFO: Total Queries: 23
00:00  INFO: Correctly Parsed: 21/23

00:00  INFO: ==============================

00:00  INFO: Performing 4-fold cross-validation...
00:00  INFO: ===== Legend =====
00:00  INFO: 1 <Abs. Constants> / 2 <Abs. Constants/Comparison Ops> / 3 <Abs. Full Predicates>
00:00  INFO: a <Don't Abs. Projections> / b <Abs. Projections>
00:00  INFO: Saving restaurants_const.csv...
00:00  INFO: Saving restaurants_const_proj.csv...
00:00  INFO: Saving restaurants_comp.csv...
00:00  INFO: Saving restaurants_comp_proj.csv...
00:00  INFO: Saving restaurants_pred.csv...
00:00  INFO: Saving restaurants_pred_proj.csv...
00:00  INFO: --- Fold 0 ---
00:00  INFO: Template Gen. Set Size: 15
00:00  INFO: Coverage Test Set Size: 6
00:00  INFO:            	1a	1b	2a	2b	3a	3b
00:00  INFO: Coverage %:	0.0%	0.0%	0.0%	0.0%	0.0%	83.3%	
00:00  INFO: Tmpl. Count:	0	0	0	0	0	96	

00:00  INFO: --- Fold 1 ---
00:00  INFO: Template Gen. Set Size: 16
00:00  INFO: Coverage Test Set Size: 5
00:00  INFO:            	1a	1b	2a	2b	3a	3b
00:00  INFO: Coverage %:	0.0%	0.0%	0.0%	0.0%	0.0%	80.0%	
00:00  INFO: Tmpl. Count:	0	0	0	0	0	96	

00:00  INFO: --- Fold 2 ---
00:00  INFO: Template Gen. Set Size: 16
00:00  INFO: Coverage Test Set Size: 5
00:00  INFO:            	1a	1b	2a	2b	3a	3b
00:00  INFO: Coverage %:	0.0%	0.0%	0.0%	0.0%	0.0%	80.0%	
00:00  INFO: Tmpl. Count:	0	0	0	0	0	96	

00:00  INFO: --- Fold 3 ---
00:00  INFO: Template Gen. Set Size: 16
00:00  INFO: Coverage Test Set Size: 5
00:00  INFO:            	1a	1b	2a	2b	3a	3b
00:00  INFO: Coverage %:	0.0%	0.0%	0.0%	0.0%	0.0%	100.0%	
00:00  INFO: Tmpl. Count:	0	0	0	0	0	96	

