==> bestdr7_0.05.join1.comp_proj.50p.err <==
135516	select #projection from galaxy as #galaxy_alias left join specobj as #specobj_alias left join photoz as #photoz_alias left join photoz2 as #photoz2_alias, fgetnearbyobjeq(#num,#num,#num) where #predicate 
7885	select #projection from fgetnearbyobjeq(#num,#num,#num), photoobjall as #photoobjall_alias, photoz as #photoz_alias where #predicate 
3449	select top #top #projection from fgetnearbyobjeq(#num,#num,#num), photoobj as #photoobj_alias, photoz as #photoz_alias, photoz2 as #photoz2_alias where #predicate 
2986	select #projection from (select #projection from fgetnearbyobjeq(#num,#num,#num), field as #field_alias, photoobjall as #photoobjall_alias where #predicate ) q left join specobjall as #specobjall_alias, neighbors as #neighbors_alias where #predicate  group by q.objid, q.ra, q.dec, q.distance, q.run, q.rerun, q.camcol, q.field, q.obj, q.colc_u, q.colcerr_u, q.rowc_u, q.rowcerr_u, q.colc_g, q.colcerr_g, q.rowc_g, q.rowcerr_g, q.colc_r, q.colcerr_r, q.rowc_r, q.rowcerr_r, q.colc_i, q.colcerr_i, q.rowc_i, q.rowcerr_i, q.colc_z, q.colcerr_z, q.rowc_z, q.rowcerr_z, q.psfmag_u, q.psfmag_g, q.psfmag_r, q.psfmag_i, q.psfmag_z, q.aa_u, q.aa_g, q.aa_r, q.aa_i, q.aa_z, q.kk_u, q.kk_g, q.kk_r, q.kk_i, q.kk_z, q.airmass_u, q.airmass_g, q.airmass_r, q.airmass_i, q.airmass_z, q.extinction_u, q.extinction_g, q.extinction_r, q.extinction_i, q.extinction_z, q.mrrcc_u, q.mrrcc_g, q.mrrcc_r, q.mrrcc_i, q.mrrcc_z order by #order
1355	select #projection from galaxy as #galaxy_alias left join specobj as #specobj_alias left join photoz as #photoz_alias left join photoz2 as #photoz2_alias where #predicate 
1149	select top #top #projection from fgetnearbyobjeq(#num,#num,#num), photoprimary as #photoprimary_alias, propermotions as #propermotions_alias order by #order
770	select #projection from _upload as #_upload_alias, photoprimary as #photoprimary_alias where #predicate 
744	select #projection from fgetnearbyobjeq(#num,#num,#num), photoobjall as #photoobjall_alias left join specobjall as #specobjall_alias, photoobjall as #photoobjall_alias left join photoz as #photoz_alias, photoobjall as #photoobjall_alias left join maskedobject as #maskedobject_alias where #predicate 
440	select #projection from star as #star_alias left join specobj as #specobj_alias where #predicate 
372	select #projection from fgetnearbyobjeq(#num,#num,#num), galaxy as #galaxy_alias, photoz as #photoz_alias where #predicate 

==> bestdr7_0.05.join1.const_proj.50p.err <==
135516	select #projection from galaxy as #galaxy_alias left join specobj as #specobj_alias left join photoz as #photoz_alias left join photoz2 as #photoz2_alias, fgetnearbyobjeq(#num,#num,#num) where #predicate 
7885	select #projection from fgetnearbyobjeq(#num,#num,#num), photoobjall as #photoobjall_alias, photoz as #photoz_alias where #predicate 
3449	select top #top #projection from fgetnearbyobjeq(#num,#num,#num), photoobj as #photoobj_alias, photoz as #photoz_alias, photoz2 as #photoz2_alias where #predicate 
2986	select #projection from (select #projection from fgetnearbyobjeq(#num,#num,#num), field as #field_alias, photoobjall as #photoobjall_alias where #predicate ) q left join specobjall as #specobjall_alias, neighbors as #neighbors_alias where #predicate  group by q.objid, q.ra, q.dec, q.distance, q.run, q.rerun, q.camcol, q.field, q.obj, q.colc_u, q.colcerr_u, q.rowc_u, q.rowcerr_u, q.colc_g, q.colcerr_g, q.rowc_g, q.rowcerr_g, q.colc_r, q.colcerr_r, q.rowc_r, q.rowcerr_r, q.colc_i, q.colcerr_i, q.rowc_i, q.rowcerr_i, q.colc_z, q.colcerr_z, q.rowc_z, q.rowcerr_z, q.psfmag_u, q.psfmag_g, q.psfmag_r, q.psfmag_i, q.psfmag_z, q.aa_u, q.aa_g, q.aa_r, q.aa_i, q.aa_z, q.kk_u, q.kk_g, q.kk_r, q.kk_i, q.kk_z, q.airmass_u, q.airmass_g, q.airmass_r, q.airmass_i, q.airmass_z, q.extinction_u, q.extinction_g, q.extinction_r, q.extinction_i, q.extinction_z, q.mrrcc_u, q.mrrcc_g, q.mrrcc_r, q.mrrcc_i, q.mrrcc_z order by #order
1355	select #projection from galaxy as #galaxy_alias left join specobj as #specobj_alias left join photoz as #photoz_alias left join photoz2 as #photoz2_alias where #predicate 
1149	select top #top #projection from fgetnearbyobjeq(#num,#num,#num), photoprimary as #photoprimary_alias, propermotions as #propermotions_alias order by #order
770	select #projection from _upload as #_upload_alias, photoprimary as #photoprimary_alias where #predicate 
744	select #projection from fgetnearbyobjeq(#num,#num,#num), photoobjall as #photoobjall_alias left join specobjall as #specobjall_alias, photoobjall as #photoobjall_alias left join photoz as #photoz_alias, photoobjall as #photoobjall_alias left join maskedobject as #maskedobject_alias where #predicate 
440	select #projection from star as #star_alias left join specobj as #specobj_alias where #predicate 
372	select #projection from fgetnearbyobjeq(#num,#num,#num), galaxy as #galaxy_alias, photoz as #photoz_alias where #predicate 

==> bestdr7_0.05.join1.pred_proj.50p.err <==
135516	select #projection from galaxy as #galaxy_alias left join specobj as #specobj_alias left join photoz as #photoz_alias left join photoz2 as #photoz2_alias, fgetnearbyobjeq(#num,#num,#num) where #predicate 
2986	select #projection from (select #projection from fgetnearbyobjeq(#num,#num,#num), field as #field_alias, photoobjall as #photoobjall_alias where #predicate ) q left join specobjall as #specobjall_alias, neighbors as #neighbors_alias where #predicate  group by q.objid, q.ra, q.dec, q.distance, q.run, q.rerun, q.camcol, q.field, q.obj, q.colc_u, q.colcerr_u, q.rowc_u, q.rowcerr_u, q.colc_g, q.colcerr_g, q.rowc_g, q.rowcerr_g, q.colc_r, q.colcerr_r, q.rowc_r, q.rowcerr_r, q.colc_i, q.colcerr_i, q.rowc_i, q.rowcerr_i, q.colc_z, q.colcerr_z, q.rowc_z, q.rowcerr_z, q.psfmag_u, q.psfmag_g, q.psfmag_r, q.psfmag_i, q.psfmag_z, q.aa_u, q.aa_g, q.aa_r, q.aa_i, q.aa_z, q.kk_u, q.kk_g, q.kk_r, q.kk_i, q.kk_z, q.airmass_u, q.airmass_g, q.airmass_r, q.airmass_i, q.airmass_z, q.extinction_u, q.extinction_g, q.extinction_r, q.extinction_i, q.extinction_z, q.mrrcc_u, q.mrrcc_g, q.mrrcc_r, q.mrrcc_i, q.mrrcc_z order by #order
1355	select #projection from galaxy as #galaxy_alias left join specobj as #specobj_alias left join photoz as #photoz_alias left join photoz2 as #photoz2_alias where #predicate 
1149	select top #top #projection from fgetnearbyobjeq(#num,#num,#num), photoprimary as #photoprimary_alias, propermotions as #propermotions_alias order by #order
770	select #projection from _upload as #_upload_alias, photoprimary as #photoprimary_alias where #predicate 
744	select #projection from fgetnearbyobjeq(#num,#num,#num), photoobjall as #photoobjall_alias left join specobjall as #specobjall_alias, photoobjall as #photoobjall_alias left join photoz as #photoz_alias, photoobjall as #photoobjall_alias left join maskedobject as #maskedobject_alias where #predicate 
440	select #projection from star as #star_alias left join specobj as #specobj_alias where #predicate 
344	select top #top #projection from fgetnearbyobjeq(#num,#num,#num), photoprimary as #photoprimary_alias, photoz2 as #photoz2_alias where #predicate 
339	select #projection from field as #field_alias, galaxy as #galaxy_alias, photoobj as #photoobj_alias, photoz as #photoz_alias, segment as #segment_alias where #predicate 
282	select #projection from photoobjall as #photoobjall_alias left join specobj as #specobj_alias, fgetnearbyobjeq(#num,#num,#num), photoz as #photoz_alias where #predicate 
